2018-05-10 15:32:04.522+0000 INFO  [org.neo4j]: You are using an unsupported version of the Java runtime. Please use Oracle(R) Java(TM) Runtime Environment 7.
2018-05-10 15:32:04.685+0000 INFO  [org.neo4j]: --- INITIALIZED diagnostics START ---
2018-05-10 15:32:04.685+0000 INFO  [org.neo4j]: Neo4j Kernel properties:
    neostore.propertystore.db.strings.mapped_memory=46M
    neostore.nodestore.db.mapped_memory=15M
    store_dir=C:\soft\neo4j-community-3.3.2\data\databases\graph.db
    neostore.propertystore.db.arrays.mapped_memory=53M
    allow_store_upgrade=true
    neostore.propertystore.db.mapped_memory=54M
    neostore.relationshipstore.db.mapped_memory=66M
2018-05-10 15:32:04.685+0000 INFO  [org.neo4j]: Diagnostics providers:
    org.neo4j.kernel.configuration.Config
    org.neo4j.kernel.info.DiagnosticsManager
    SYSTEM_MEMORY
    JAVA_MEMORY
    OPERATING_SYSTEM
    JAVA_VIRTUAL_MACHINE
    CLASSPATH
    LIBRARY_PATH
    SYSTEM_PROPERTIES
    NETWORK
2018-05-10 15:32:04.702+0000 INFO  [org.neo4j]: System memory information:
    Total Physical memory: 3.92 GB
    Free Physical memory: 938.26 MB
    Committed virtual memory: 338.94 MB
    Total swap space: 6.40 GB
    Free swap space: 2.02 GB
2018-05-10 15:32:04.707+0000 INFO  [org.neo4j]: JVM memory information:
    Free  memory: 144.24 MB
    Total memory: 167.50 MB
    Max   memory: 892.50 MB
    Garbage Collector: PS Scavenge: [PS Eden Space, PS Survivor Space]
    Garbage Collector: PS MarkSweep: [PS Eden Space, PS Survivor Space, PS Old Gen]
    Memory Pool: Code Cache (Non-heap memory): committed=10.75 MB, used=10.36 MB, max=240.00 MB, threshold=0.00 B
    Memory Pool: Metaspace (Non-heap memory): committed=35.04 MB, used=33.14 MB, max=-1.00 B, threshold=0.00 B
    Memory Pool: Compressed Class Space (Non-heap memory): committed=4.67 MB, used=4.16 MB, max=1.00 GB, threshold=0.00 B
    Memory Pool: PS Eden Space (Heap memory): committed=104.00 MB, used=2.07 MB, max=311.00 MB, threshold=?
    Memory Pool: PS Survivor Space (Heap memory): committed=10.50 MB, used=0.00 B, max=10.50 MB, threshold=?
    Memory Pool: PS Old Gen (Heap memory): committed=53.00 MB, used=21.27 MB, max=669.50 MB, threshold=0.00 B
2018-05-10 15:32:04.785+0000 INFO  [org.neo4j]: Operating system information:
    Operating System: Windows 10; version: 10.0; arch: amd64; cpus: 4
    Process id: 7816@dealer
    Byte order: LITTLE_ENDIAN
    Local timezone: Africa/Luanda
2018-05-10 15:32:04.806+0000 INFO  [org.neo4j]: JVM information:
    VM Name: Java HotSpot(TM) 64-Bit Server VM
    VM Vendor: Oracle Corporation
    VM Version: 25.144-b01
    JIT compiler: HotSpot 64-Bit Tiered Compilers
    VM Arguments: []
2018-05-10 15:32:04.807+0000 INFO  [org.neo4j]: Java classpath:
     [bootstrap] C:\Program Files\Java\jre1.8.0_144\lib\jfr.jar
     [classpath] C:\Users\bob\AppData\Local\Temp\Rar$EXa0.786\neoclipse-1.9.5\plugins\org.eclipse.equinox.launcher_1.2.0.v20110502.jar
     [bootstrap] C:\Program Files\Java\jre1.8.0_144\lib\resources.jar
     [bootstrap] C:\Program Files\Java\jre1.8.0_144\lib\charsets.jar
     [bootstrap] C:\Program Files\Java\jre1.8.0_144\classes
     [bootstrap] C:\Program Files\Java\jre1.8.0_144\lib\rt.jar
     [bootstrap] C:\Program Files\Java\jre1.8.0_144\lib\sunrsasign.jar
     [bootstrap] C:\Program Files\Java\jre1.8.0_144\lib\jsse.jar
     [bootstrap] C:\Program Files\Java\jre1.8.0_144\lib\jce.jar
2018-05-10 15:32:04.807+0000 INFO  [org.neo4j]: Library path:
    C:\Users\bob\AppData\Local\Temp\Rar$EXa0.786\neoclipse-1.9.5
    C:\Windows\Sun\Java\bin
    C:\Windows\System32
    C:\Windows
    C:\Program Files\Java\jre1.8.0_144\bin\server
    C:\Program Files\Java\jre1.8.0_144\bin
    C:\Program Files\Java\jre1.8.0_144\lib\amd64
    C:\Program Files\WinRAR
    C:\soft\neo4j-community-3.3.2\bin\neo4j
    C:\soft\miktex\miktex\bin
    C:\soft\python3.6.4\Scripts
    C:\soft\python3.6.4
    C:\soft\python3.6.4\Lib\site-packages
    C:\ProgramData\Oracle\Java\javapath
    C:\Windows\System32
    C:\Windows
    C:\Windows\System32\wbem
    C:\Windows\System32\WindowsPowerShell\v1.0
    C:\Program Files (x86)\NVIDIA Corporation\PhysX\Common
    C:\Windows\System32
    C:\Windows
    C:\Windows\System32\wbem
    C:\Windows\System32\WindowsPowerShell\v1.0
    C:\soft\nodejs
    C:\soft\Brackets\command
    C:\soft\Git\cmd
    C:\Users\bob\AppData\Local\Microsoft\WindowsApps
    C:\soft\Python37
    C:\Users\bob\AppData\Local\GitHubDesktop\bin
    C:\Users\bob\AppData\Roaming\npm
    C:\Users\bob\AppData\Local\Temp\Rar$EXa0.786\neoclipse-1.9.5
    C:\Users\bob\AppData\Local\Temp\Rar$EXa0.786\neoclipse-1.9.5
    C:\Users\bob\AppData\Local\Temp\Rar$EXa0.786\neoclipse-1.9.5
2018-05-10 15:32:04.854+0000 INFO  [org.neo4j]: System.properties:
    osgi.bundles.defaultStartLevel = 4
    org.osgi.supports.framework.extension = true
    sun.management.compiler = HotSpot 64-Bit Tiered Compilers
    eclipse.p2.profile = DefaultProfile
    osgi.ws = win32
    sun.desktop = windows
    osgi.instance.area = file:/C:/Users/bob/AppData/Local/Temp/Rar$EXa0.786/neoclipse-1.9.5/neoclipse-workspace/
    org.osgi.framework.uuid = 700bf90d-6754-0018-1bd2-c5b603236dd6
    user.name = bob
    osgi.framework.extensions = 
    org.osgi.framework.system.packages = javax.accessibility,javax.activation,javax.activity,javax.annotation,javax.annotation.processing,javax.crypto,javax.crypto.interfaces,javax.crypto.spec,javax.imageio,javax.imageio.event,javax.imageio.metadata,javax.imageio.plugins.bmp,javax.imageio.plugins.jpeg,javax.imageio.spi,javax.imageio.stream,javax.jws,javax.jws.soap,javax.lang.model,javax.lang.model.element,javax.lang.model.type,javax.lang.model.util,javax.management,javax.management.event,javax.management.loading,javax.management.modelmbean,javax.management.monitor,javax.management.namespace,javax.management.openmbean,javax.management.relation,javax.management.remote,javax.management.remote.rmi,javax.management.timer,javax.naming,javax.naming.directory,javax.naming.event,javax.naming.ldap,javax.naming.spi,javax.net,javax.net.ssl,javax.print,javax.print.attribute,javax.print.attribute.standard,javax.print.event,javax.rmi,javax.rmi.CORBA,javax.rmi.ssl,javax.script,javax.security.auth,javax.security.auth.callback,javax.security.auth.kerberos,javax.security.auth.login,javax.security.auth.spi,javax.security.auth.x500,javax.security.cert,javax.security.sasl,javax.sound.midi,javax.sound.midi.spi,javax.sound.sampled,javax.sound.sampled.spi,javax.sql,javax.sql.rowset,javax.sql.rowset.serial,javax.sql.rowset.spi,javax.swing,javax.swing.border,javax.swing.colorchooser,javax.swing.event,javax.swing.filechooser,javax.swing.plaf,javax.swing.plaf.basic,javax.swing.plaf.metal,javax.swing.plaf.multi,javax.swing.plaf.nimbus,javax.swing.plaf.synth,javax.swing.table,javax.swing.text,javax.swing.text.html,javax.swing.text.html.parser,javax.swing.text.rtf,javax.swing.tree,javax.swing.undo,javax.tools,javax.transaction,javax.transaction.xa,javax.xml,javax.xml.bind,javax.xml.bind.annotation,javax.xml.bind.annotation.adapters,javax.xml.bind.attachment,javax.xml.bind.helpers,javax.xml.bind.util,javax.xml.crypto,javax.xml.crypto.dom,javax.xml.crypto.dsig,javax.xml.crypto.dsig.dom,javax.xml.crypto.dsig.keyinfo,javax.xml.crypto.dsig.spec,javax.xml.datatype,javax.xml.namespace,javax.xml.parsers,javax.xml.soap,javax.xml.stream,javax.xml.stream.events,javax.xml.stream.util,javax.xml.transform,javax.xml.transform.dom,javax.xml.transform.sax,javax.xml.transform.stax,javax.xml.transform.stream,javax.xml.validation,javax.xml.ws,javax.xml.ws.handler,javax.xml.ws.handler.soap,javax.xml.ws.http,javax.xml.ws.soap,javax.xml.ws.spi,javax.xml.ws.spi.http,javax.xml.ws.wsaddressing,javax.xml.xpath,org.ietf.jgss,org.omg.CORBA,org.omg.CORBA_2_3,org.omg.CORBA_2_3.portable,org.omg.CORBA.DynAnyPackage,org.omg.CORBA.ORBPackage,org.omg.CORBA.portable,org.omg.CORBA.TypeCodePackage,org.omg.CosNaming,org.omg.CosNaming.NamingContextExtPackage,org.omg.CosNaming.NamingContextPackage,org.omg.Dynamic,org.omg.DynamicAny,org.omg.DynamicAny.DynAnyFactoryPackage,org.omg.DynamicAny.DynAnyPackage,org.omg.IOP,org.omg.IOP.CodecFactoryPackage,org.omg.IOP.CodecPackage,org.omg.Messaging,org.omg.PortableInterceptor,org.omg.PortableInterceptor.ORBInitInfoPackage,org.omg.PortableServer,org.omg.PortableServer.CurrentPackage,org.omg.PortableServer.POAManagerPackage,org.omg.PortableServer.POAPackage,org.omg.PortableServer.portable,org.omg.PortableServer.ServantLocatorPackage,org.omg.SendingContext,org.omg.stub.java.rmi,org.w3c.dom,org.w3c.dom.bootstrap,org.w3c.dom.css,org.w3c.dom.events,org.w3c.dom.html,org.w3c.dom.ls,org.w3c.dom.ranges,org.w3c.dom.stylesheets,org.w3c.dom.traversal,org.w3c.dom.views,org.w3c.dom.xpath,org.xml.sax,org.xml.sax.ext,org.xml.sax.helpers
    eclipse.launcher = C:\Users\bob\AppData\Local\Temp\Rar$EXa0.786\neoclipse-1.9.5\neoclipse.exe
    eclipse.launcher.name = Neoclipse
    org.osgi.framework.language = en
    user.language = en
    org.osgi.framework.processor = x86-64
    osgi.syspath = c:\Users\bob\AppData\Local\Temp\Rar$EXa0.786\neoclipse-1.9.5\plugins
    sun.boot.library.path = C:\Program Files\Java\jre1.8.0_144\bin
    org.osgi.framework.system.capabilities = osgi.ee; osgi.ee="OSGi/Minimum"; version:List<Version>="1.0, 1.1, 1.2",osgi.ee; osgi.ee="JavaSE"; version:List<Version>="1.0, 1.1, 1.2, 1.3, 1.4, 1.5, 1.6, 1.7"
    osgi.manifest.cache = C:\Users\bob\AppData\Local\Temp\Rar$EXa0.786\neoclipse-1.9.5\configuration\org.eclipse.osgi\manifests
    org.osgi.framework.os.name = windows 10
    user.timezone = Africa/Luanda
    sun.arch.data.model = 64
    osgi.bundles = reference:file:ch.qos.logback.classic_1.0.7.v20121108-1250.jar@4,reference:file:ch.qos.logback.core_1.0.7.v20121108-1250.jar@4,reference:file:ch.qos.logback.slf4j_0.9.27.v20110224-1110.jar@4,reference:file:com.google.gson_2.1.0.v201303041604.jar@4,reference:file:com.ibm.icu_4.4.2.v20110823.jar@4,reference:file:javax.activation_1.1.0.v201108011116.jar@4,reference:file:javax.servlet_2.5.0.v201103041518.jar@4,reference:file:javax.servlet.jsp_2.0.0.v201101211617.jar@4,reference:file:javax.xml_1.3.4.v201005080400.jar@4,reference:file:org.apache.ant_1.8.2.v20120109-1030/@4,reference:file:org.apache.commons.codec_1.3.0.v201101211617.jar@4,reference:file:org.apache.commons.el_1.0.0.v201101211617.jar@4,reference:file:org.apache.commons.jxpath_1.3.0.v200911051830.jar@4,reference:file:org.apache.commons.logging_1.0.4.v201101211617.jar@4,reference:file:org.apache.jasper_5.5.17.v201101211617.jar@4,reference:file:org.apache.log4j_1.2.15.v201012070815.jar@4,reference:file:org.apache.lucene_2.9.1.v201101211721.jar@4,reference:file:org.apache.lucene.analysis_2.9.1.v201101211721.jar@4,reference:file:org.apache.lucene.core_2.9.1.v201101211721.jar@4,reference:file:org.apache.lucene.highlighter_2.9.1.v20100421-0704.jar@4,reference:file:org.apache.lucene.memory_2.9.1.v20100421-0704.jar@4,reference:file:org.apache.lucene.misc_2.9.1.v20100421-0704.jar@4,reference:file:org.apache.lucene.queries_2.9.1.v20100421-0704.jar@4,reference:file:org.apache.lucene.snowball_2.9.1.v20100421-0704.jar@4,reference:file:org.apache.lucene.spellchecker_2.9.1.v20100421-0704.jar@4,reference:file:org.apache.xerces_2.9.0.v201101211617.jar@4,reference:file:org.apache.xml.resolver_1.2.0.v201005080400.jar@4,reference:file:org.apache.xml.serializer_2.7.1.v201005080400.jar@4,reference:file:org.eclipse.ant.core_3.2.302.v20120110-1739.jar@4,reference:file:org.eclipse.compare_3.5.202.R37x_v20111109-0800.jar@4,reference:file:org.eclipse.compare.core_3.5.200.I20110208-0800.jar@4,reference:file:org.eclipse.core.commands_3.6.0.I20110111-0800.jar@4,reference:file:org.eclipse.core.contenttype_3.4.100.v20110423-0524.jar@4,reference:file:org.eclipse.core.databinding_1.4.0.I20110111-0800.jar@4,reference:file:org.eclipse.core.databinding.observable_1.4.0.I20110222-0800.jar@4,reference:file:org.eclipse.core.databinding.property_1.4.0.I20110222-0800.jar@4,reference:file:org.eclipse.core.expressions_3.4.300.v20110228.jar@4,reference:file:org.eclipse.core.filebuffers_3.5.200.v20110928-1504.jar@4,reference:file:org.eclipse.core.filesystem_1.3.100.v20110423-0524.jar@4,reference:file:org.eclipse.core.filesystem.win32.x86_64_1.1.300.v20110423-0524.jar@4,reference:file:org.eclipse.core.jobs_3.5.101.v20120113-1953.jar@4,reference:file:org.eclipse.core.net_1.2.100.I20110511-0800.jar@4,reference:file:org.eclipse.core.net.win32.x86_64_1.0.100.I20110331-0827.jar@4,reference:file:org.eclipse.core.resources_3.7.101.v20120125-1505.jar@4,reference:file:org.eclipse.core.runtime_3.7.0.v20110110.jar@4:start,reference:file:org.eclipse.core.runtime.compatibility_3.2.100.v20100505.jar@4,reference:file:org.eclipse.core.runtime.compatibility.auth_3.2.200.v20110110.jar@4,reference:file:org.eclipse.core.runtime.compatibility.registry_3.5.0.v20110505/@4,reference:file:org.eclipse.core.variables_3.2.500.v20110928-1503.jar@4,reference:file:org.eclipse.draw2d_3.7.2.v20111017-2020.jar@4,reference:file:org.eclipse.emf.common_2.7.0.v20120127-1122.jar@4,reference:file:org.eclipse.emf.ecore_2.7.0.v20120127-1122.jar@4,reference:file:org.eclipse.emf.ecore.change_2.7.1.v20120127-1122.jar@4,reference:file:org.eclipse.emf.ecore.edit_2.7.1.v20120130-0943.jar@4,reference:file:org.eclipse.emf.ecore.xmi_2.7.0.v20120127-1122.jar@4,reference:file:org.eclipse.emf.edit_2.7.2.v20120130-0943.jar@4,reference:file:org.eclipse.equinox.app_1.3.100.v20110321.jar@4,reference:file:org.eclipse.equinox.common_3.6.0.v20110523.jar@4,reference:file:org.eclipse.equinox.http.jetty_2.0.100.v20110502.jar@4,reference:file:org.eclipse.equinox.http.registry_1.1.100.v20110502.jar@4,reference:file:org.eclipse.equinox.http.servlet_1.1.200.v20110502.jar@4,reference:file:org.eclipse.equinox.jsp.jasper_1.0.300.v20110502.jar@4,reference:file:org.eclipse.equinox.jsp.jasper.registry_1.0.200.v20100503.jar@4,reference:file:org.eclipse.equinox.launcher_1.2.0.v20110502.jar@4,reference:file:org.eclipse.equinox.launcher.win32.win32.x86_64_1.1.100.v20110502/@4,reference:file:org.eclipse.equinox.p2.core_2.1.1.v20120113-1346.jar@4,reference:file:org.eclipse.equinox.p2.engine_2.1.1.R37x_v20111003.jar@4,reference:file:org.eclipse.equinox.p2.metadata_2.1.0.v20110815-1419.jar@4,reference:file:org.eclipse.equinox.p2.metadata.repository_1.2.0.v20110815-1419.jar@4,reference:file:org.eclipse.equinox.p2.repository_2.1.1.v20120113-1346.jar@4,reference:file:org.eclipse.equinox.preferences_3.4.2.v20120111-2020.jar@4,reference:file:org.eclipse.equinox.registry_3.5.101.R37x_v20110810-1611.jar@4,reference:file:org.eclipse.equinox.security_1.1.1.R37x_v20110822-1018.jar@4,reference:file:org.eclipse.equinox.security.win32.x86_64_1.0.0.v20110502.jar@4,reference:file:org.eclipse.gef_3.7.2.v20111106-2020.jar@4,reference:file:org.eclipse.help_3.5.100.v20110426.jar@4,reference:file:org.eclipse.help.appserver_3.1.400.v20110425.jar@4,reference:file:org.eclipse.help.base_3.6.2.v201202080800.jar@4,reference:file:org.eclipse.help.ui_3.5.101.r37_20110819.jar@4,reference:file:org.eclipse.help.webapp_3.6.1.r37_20110929.jar@4,reference:file:org.eclipse.jem.util_2.1.100.v201103021400.jar@4,reference:file:org.eclipse.jface_3.7.0.v20110928-1505.jar@4,reference:file:org.eclipse.jface.databinding_1.5.0.I20100907-0800.jar@4,reference:file:org.eclipse.jface.text_3.7.2.v20111213-1208.jar@4,reference:file:org.eclipse.ltk.core.refactoring_3.5.201.r372_v20111101-0700.jar@4,reference:file:org.eclipse.ltk.ui.refactoring_3.6.0.v20110928-1453.jar@4,reference:file:org.eclipse.osgi.services_3.3.0.v20110513.jar@4,reference:file:org.eclipse.osgi.util_3.2.200.v20110110.jar@4,reference:file:org.eclipse.platform_3.7.2.v201202080800/@4,reference:file:org.eclipse.search_3.7.0.v20110928-1504.jar@4,reference:file:org.eclipse.swt_3.7.2.v3740f.jar@4,reference:file:org.eclipse.swt.win32.win32.x86_64_3.7.2.v3740f.jar@4,reference:file:org.eclipse.team.core_3.6.0.I20110525-0800.jar@4,reference:file:org.eclipse.team.ui_3.6.101.R37x_v20111109-0800.jar@4,reference:file:org.eclipse.text_3.5.101.v20110928-1504.jar@4,reference:file:org.eclipse.ui_3.7.0.v20110928-1505.jar@4,reference:file:org.eclipse.ui.cheatsheets_3.4.100.v20110425.jar@4,reference:file:org.eclipse.ui.console_3.5.100.v20111007_r372.jar@4,reference:file:org.eclipse.ui.editors_3.7.0.v20110928-1504.jar@4,reference:file:org.eclipse.ui.forms_3.5.101.v20111011-1919.jar@4,reference:file:org.eclipse.ui.ide_3.7.0.v20110928-1505.jar@4,reference:file:org.eclipse.ui.ide.application_1.0.300.I20110306-2000.jar@4,reference:file:org.eclipse.ui.intro_3.4.100.v20110425.jar@4,reference:file:org.eclipse.ui.intro.universal_3.2.500.v20110510/@4,reference:file:org.eclipse.ui.navigator_3.5.101.v20120106-1355.jar@4,reference:file:org.eclipse.ui.navigator.resources_3.4.300.v20110928-1505.jar@4,reference:file:org.eclipse.ui.views_3.6.0.v20110928-1505.jar@4,reference:file:org.eclipse.ui.views.properties.tabbed_3.5.200.v20110928-1505.jar@4,reference:file:org.eclipse.ui.win32_3.2.200.v20110928-1505.jar@4,reference:file:org.eclipse.ui.workbench_3.7.1.v20120104-1859.jar@4,reference:file:org.eclipse.ui.workbench.texteditor_3.7.0.v20110928-1504.jar@4,reference:file:org.eclipse.update.configurator_3.3.100.v20100512.jar@4,reference:file:org.eclipse.update.core_3.2.500.v20110330.jar@4,reference:file:org.eclipse.update.core.win32_3.2.200.v20100512.jar@4,reference:file:org.eclipse.update.ui_3.2.300.v20100512.jar@4,reference:file:org.eclipse.wst.common.core_1.2.0.v200908252030.jar@4,reference:file:org.eclipse.wst.common.emf_1.2.100.v201101101900.jar@4,reference:file:org.eclipse.wst.common.emfworkbench.integration_1.2.101.v201107140600.jar@4,reference:file:org.eclipse.wst.common.environment_1.0.400.v200912181832.jar@4,reference:file:org.eclipse.wst.common.frameworks_1.2.102.v201201190400.jar@4,reference:file:org.eclipse.wst.common.project.facet.core_1.4.201.v201201101553.jar@4,reference:file:org.eclipse.wst.common.uriresolver_1.1.401.v201004280700.jar@4,reference:file:org.eclipse.wst.sse.core_1.1.602.v201112071516.jar@4,reference:file:org.eclipse.wst.validation_1.2.303.v201202090300.jar@4,reference:file:org.eclipse.wst.xml.core_1.1.602.v201201091944.jar@4,reference:file:org.eclipse.wst.xsd.core_1.1.600.v201104070312.jar@4,reference:file:org.eclipse.xsd_2.7.1.v20120130-0943.jar@4,reference:file:org.eclipse.zest.core_1.3.0.v20110221-2050.jar@4,reference:file:org.eclipse.zest.layouts_1.1.0.v20110425-2050.jar@4,reference:file:org.hamcrest.core_1.3.0.v201303031735.jar@4,reference:file:org.jdom_1.1.1.v201101151400.jar@4,reference:file:org.junit_4.8.2.v4_8_2_v20110321-1705/@4,reference:file:org.mortbay.jetty.server_6.1.23.v201012071420.jar@4,reference:file:org.mortbay.jetty.util_6.1.23.v201012071420.jar@4,reference:file:org.neo4j.neoclipse_1.9.5.jar@4,reference:file:org.neo4j.neoclipse.dependencies_1.9.5/@4,reference:file:org.neo4j.neoclipse.doc_1.9.5.jar@4,reference:file:org.slf4j.api_1.6.4.v20120130-2120.jar@4,reference:file:org.slf4j.api_1.7.2.v20121108-1250.jar@4,reference:file:org.slf4j.jcl_1.7.2.v20130115-1340.jar@4
    osgi.tracefile = C:\Users\bob\AppData\Local\Temp\Rar$EXa0.786\neoclipse-1.9.5\neoclipse-workspace\.metadata\trace.log
    sun.cpu.isalist = amd64
    sun.jnu.encoding = Cp1252
    eclipse.application = org.neo4j.neoclipse.application
    file.encoding.pkg = sun.io
    org.osgi.framework.vendor = Eclipse
    file.separator = \
    user.country = US
    org.eclipse.equinox.launcher.splash.location = c:\Users\bob\AppData\Local\Temp\Rar$EXa0.786\neoclipse-1.9.5\configuration\org.eclipse.equinox.launcher\org.neo4j.neoclipse_1.9.5\splash.bmp
    osgi.os = win32
    eclipse.commands = -os
win32
-ws
win32
-arch
x86_64
-showsplash
-launcher
C:\Users\bob\AppData\Local\Temp\Rar$EXa0.786\neoclipse-1.9.5\neoclipse.exe
-name
Neoclipse
--launcher.library
C:\Users\bob\AppData\Local\Temp\Rar$EXa0.786\neoclipse-1.9.5\\plugins/org.eclipse.equinox.launcher.win32.win32.x86_64_1.1.100.v20110502\eclipse_1406.dll
-startup
C:\Users\bob\AppData\Local\Temp\Rar$EXa0.786\neoclipse-1.9.5\\plugins/org.eclipse.equinox.launcher_1.2.0.v20110502.jar
--launcher.overrideVmargs
-data
@noDefault
-vm
C:\Program Files\Java\jre1.8.0_144\bin\server\jvm.dll

    osgi.splashLocation = c:\Users\bob\AppData\Local\Temp\Rar$EXa0.786\neoclipse-1.9.5\configuration\org.eclipse.equinox.launcher\org.neo4j.neoclipse_1.9.5\splash.bmp
    osgi.arch = x86_64
    path.separator = ;
    org.osgi.supports.framework.fragment = true
    user.variant = 
    osgi.framework.shape = jar
    sun.io.unicode.encoding = UnicodeLittle
    org.osgi.framework.version = 1.6.0
    awt.toolkit = sun.awt.windows.WToolkit
    user.script = 
    osgi.install.area = file:/C:/Users/bob/AppData/Local/Temp/Rar$EXa0.786/neoclipse-1.9.5/
    osgi.framework = file:/c:/Users/bob/AppData/Local/Temp/Rar$EXa0.786/neoclipse-1.9.5/plugins/org.eclipse.osgi_3.7.2.v20120110-1415.jar
    user.home = C:\Users\bob
    osgi.bundlestore = C:\Users\bob\AppData\Local\Temp\Rar$EXa0.786\neoclipse-1.9.5\configuration\org.eclipse.osgi\bundles
    osgi.splashPath = platform:/base/plugins/org.neo4j.neoclipse
    osgi.nl = en_US
    org.osgi.framework.os.version = 10.0.0
    eclipse.startTime = 1525966220476
    eclipse.p2.data.area = @config.dir/../p2
    org.eclipse.update.reconcile = false
    eclipse.vm = C:\Program Files\Java\jre1.8.0_144\bin\server\jvm.dll
    sun.cpu.endian = little
    sun.os.patch.level = 
    eclipse.product = org.neo4j.neoclipse.neoclipseProduct
    eclipse.home.location = file:/C:/Users/bob/AppData/Local/Temp/Rar$EXa0.786/neoclipse-1.9.5/
    user.dir = C:\Users\bob\AppData\Local\Temp\Rar$EXa0.786\neoclipse-1.9.5
    org.osgi.supports.framework.requirebundle = true
    file.encoding = Cp1252
    osgi.framework.version = 3.7.2.v20120110-1415
    eclipse.vmargs = -Djava.class.path=C:\Users\bob\AppData\Local\Temp\Rar$EXa0.786\neoclipse-1.9.5\\plugins/org.eclipse.equinox.launcher_1.2.0.v20110502.jar

    org.osgi.framework.executionenvironment = OSGi/Minimum-1.0,OSGi/Minimum-1.1,OSGi/Minimum-1.2,JRE-1.1,J2SE-1.2,J2SE-1.3,J2SE-1.4,J2SE-1.5,JavaSE-1.6,JavaSE-1.7
    osgi.logfile = C:\Users\bob\AppData\Local\Temp\Rar$EXa0.786\neoclipse-1.9.5\neoclipse-workspace\.metadata\.log
    osgi.configuration.area = file:/C:/Users/bob/AppData/Local/Temp/Rar$EXa0.786/neoclipse-1.9.5/configuration/
2018-05-10 15:32:04.869+0000 INFO  [org.neo4j]: Network information:
    Interface Software Loopback Interface 1:
        address: 127.0.0.1
        address: 0:0:0:0:0:0:0:1
    Interface RAS Async Adapter:
    Interface Teredo Tunneling Pseudo-Interface:
        address: 2001:0:9d38:6abd:141d:3e06:969a:f178
        address: fe80:0:0:0:141d:3e06:969a:f178%net0
    Interface Microsoft Kernel Debug Network Adapter:
    Interface WAN Miniport (SSTP):
    Interface VirtualBox Host-Only Ethernet Adapter:
    Interface WAN Miniport (L2TP):
    Interface WAN Miniport (IKEv2):
    Interface Qualcomm Atheros AR956x Wireless Network Adapter:
        address: fe80:0:0:0:4c78:da04:1508:3cff%wlan0
    Interface WAN Miniport (PPTP):
    Interface WAN Miniport (IP):
    Interface WAN Miniport (Network Monitor):
    Interface Microsoft Wi-Fi Direct Virtual Adapter #2:
    Interface Bluetooth Device (Personal Area Network):
    Interface Microsoft Wi-Fi Direct Virtual Adapter:
        address: fe80:0:0:0:4037:d616:6ba0:78e4%wlan2
    Interface WAN Miniport (IPv6):
    Interface Microsoft Wi-Fi Direct Virtual Adapter #3:
    Interface Realtek PCIe GBE Family Controller:
        address: 192.168.1.41
        address: fe80:0:0:0:d5ae:898:d7db:19ce%eth6
    Interface WAN Miniport (PPPOE):
    Interface Realtek PCIe GBE Family Controller-WFP Native MAC Layer LightWeight Filter-0000:
    Interface Realtek PCIe GBE Family Controller-QoS Packet Scheduler-0000:
    Interface Realtek PCIe GBE Family Controller-WFP 802.3 MAC Layer LightWeight Filter-0000:
    Interface Qualcomm Atheros AR956x Wireless Network Adapter-WFP Native MAC Layer LightWeight Filter-0000:
    Interface Qualcomm Atheros AR956x Wireless Network Adapter-Virtual WiFi Filter Driver-0000:
    Interface Qualcomm Atheros AR956x Wireless Network Adapter-Native WiFi Filter Driver-0000:
    Interface Qualcomm Atheros AR956x Wireless Network Adapter-QoS Packet Scheduler-0000:
    Interface Qualcomm Atheros AR956x Wireless Network Adapter-WFP 802.3 MAC Layer LightWeight Filter-0000:
    Interface Microsoft Wi-Fi Direct Virtual Adapter-WFP Native MAC Layer LightWeight Filter-0000:
    Interface Microsoft Wi-Fi Direct Virtual Adapter-Native WiFi Filter Driver-0000:
    Interface Microsoft Wi-Fi Direct Virtual Adapter-QoS Packet Scheduler-0000:
    Interface Microsoft Wi-Fi Direct Virtual Adapter-WFP 802.3 MAC Layer LightWeight Filter-0000:
    Interface WAN Miniport (IP)-WFP Native MAC Layer LightWeight Filter-0000:
    Interface WAN Miniport (IP)-QoS Packet Scheduler-0000:
    Interface WAN Miniport (IPv6)-WFP Native MAC Layer LightWeight Filter-0000:
    Interface WAN Miniport (IPv6)-QoS Packet Scheduler-0000:
    Interface WAN Miniport (Network Monitor)-WFP Native MAC Layer LightWeight Filter-0000:
    Interface WAN Miniport (Network Monitor)-QoS Packet Scheduler-0000:
2018-05-10 15:32:04.938+0000 INFO  [org.neo4j]: --- INITIALIZED diagnostics END ---
2018-05-10 15:32:05.423+0000 INFO  [org.neo4j]: C:\soft\neo4j-community-3.3.2\data\databases\graph.db\neostore.relationshiptypestore.db.names non clean shutdown detected
2018-05-10 15:32:05.438+0000 INFO  [org.neo4j]: [C:\soft\neo4j-community-3.3.2\data\databases\graph.db\neostore.relationshiptypestore.db.names] brickCount=0 brickSize=0b mappedMem=0b (storeSize=8192b)
2018-05-10 15:32:05.454+0000 INFO  [org.neo4j]: C:\soft\neo4j-community-3.3.2\data\databases\graph.db\neostore.relationshiptypestore.db non clean shutdown detected
2018-05-10 15:32:05.469+0000 INFO  [org.neo4j]: [C:\soft\neo4j-community-3.3.2\data\databases\graph.db\neostore.relationshiptypestore.db] brickCount=0 brickSize=0b mappedMem=0b (storeSize=8190b)
2018-05-10 15:32:05.523+0000 INFO  [org.neo4j]: C:\soft\neo4j-community-3.3.2\data\databases\graph.db\neostore.propertystore.db.strings non clean shutdown detected
2018-05-10 15:32:05.538+0000 INFO  [org.neo4j]: [C:\soft\neo4j-community-3.3.2\data\databases\graph.db\neostore.propertystore.db.strings] brickCount=78 brickSize=48128b mappedMem=48234496b (storeSize=3768320b)
2018-05-10 15:32:05.570+0000 INFO  [org.neo4j]: C:\soft\neo4j-community-3.3.2\data\databases\graph.db\neostore.propertystore.db.index.keys non clean shutdown detected
2018-05-10 15:32:05.585+0000 INFO  [org.neo4j]: [C:\soft\neo4j-community-3.3.2\data\databases\graph.db\neostore.propertystore.db.index.keys] brickCount=0 brickSize=0b mappedMem=0b (storeSize=8192b)
2018-05-10 15:32:05.626+0000 INFO  [org.neo4j]: C:\soft\neo4j-community-3.3.2\data\databases\graph.db\neostore.propertystore.db.index non clean shutdown detected
2018-05-10 15:32:05.634+0000 INFO  [org.neo4j]: [C:\soft\neo4j-community-3.3.2\data\databases\graph.db\neostore.propertystore.db.index] brickCount=0 brickSize=0b mappedMem=0b (storeSize=8190b)
2018-05-10 15:32:05.663+0000 INFO  [org.neo4j]: C:\soft\neo4j-community-3.3.2\data\databases\graph.db\neostore.propertystore.db.arrays non clean shutdown detected
2018-05-10 15:32:05.663+0000 INFO  [org.neo4j]: [C:\soft\neo4j-community-3.3.2\data\databases\graph.db\neostore.propertystore.db.arrays] brickCount=0 brickSize=55552b mappedMem=55574528b (storeSize=8192b)
2018-05-10 15:32:05.710+0000 INFO  [org.neo4j]: C:\soft\neo4j-community-3.3.2\data\databases\graph.db\neostore.propertystore.db non clean shutdown detected
2018-05-10 15:32:05.726+0000 INFO  [org.neo4j]: [C:\soft\neo4j-community-3.3.2\data\databases\graph.db\neostore.propertystore.db] brickCount=88 brickSize=56621b mappedMem=56623104b (storeSize=5001467b)
2018-05-10 15:32:05.763+0000 INFO  [org.neo4j]: C:\soft\neo4j-community-3.3.2\data\databases\graph.db\neostore.relationshipstore.db non clean shutdown detected
2018-05-10 15:32:05.763+0000 INFO  [org.neo4j]: [C:\soft\neo4j-community-3.3.2\data\databases\graph.db\neostore.relationshipstore.db] brickCount=5 brickSize=69201b mappedMem=69206016b (storeSize=399840b)
2018-05-10 15:32:05.825+0000 INFO  [org.neo4j]: C:\soft\neo4j-community-3.3.2\data\databases\graph.db\neostore.nodestore.db non clean shutdown detected
2018-05-10 15:32:05.825+0000 INFO  [org.neo4j]: [C:\soft\neo4j-community-3.3.2\data\databases\graph.db\neostore.nodestore.db] brickCount=41 brickSize=15723b mappedMem=15728640b (storeSize=655200b)
2018-05-10 15:32:05.847+0000 INFO  [org.neo4j]: --- STOPPING diagnostics START ---
2018-05-10 15:32:05.847+0000 INFO  [org.neo4j]: --- STOPPING diagnostics END ---
2018-05-10 15:32:05.847+0000 INFO  [org.neo4j]: Startup failed: Component 'org.neo4j.kernel.impl.transaction.XaDataSourceManager@6e2198fd' was successfully initialized, but failed to start. Please see attached cause exception.: Component 'org.neo4j.kernel.impl.nioneo.xa.NeoStoreXaDataSource@15e58bd0' was successfully initialized, but failed to start. Please see attached cause exception.: Mismatching store version found (v0.A.8 while expecting v0.A.0) and the store is not cleanly shutdown. Recover the database with the previous database version and then attempt to upgrade
2018-05-10 15:32:05.847+0000 INFO  [org.neo4j]: Shutdown started
2018-05-10 15:34:51.485+0000 INFO  [org.neo4j]: You are using an unsupported version of the Java runtime. Please use Oracle(R) Java(TM) Runtime Environment 7.
2018-05-10 15:34:51.485+0000 INFO  [org.neo4j]: --- INITIALIZED diagnostics START ---
2018-05-10 15:34:51.485+0000 INFO  [org.neo4j]: Neo4j Kernel properties:
    neostore.propertystore.db.strings.mapped_memory=46M
    neostore.nodestore.db.mapped_memory=15M
    store_dir=C:\soft\neo4j-community-3.3.2\data\databases\graph.db
    neostore.propertystore.db.arrays.mapped_memory=53M
    allow_store_upgrade=true
    neostore.propertystore.db.mapped_memory=54M
    neostore.relationshipstore.db.mapped_memory=66M
2018-05-10 15:34:51.485+0000 INFO  [org.neo4j]: Diagnostics providers:
    org.neo4j.kernel.configuration.Config
    org.neo4j.kernel.info.DiagnosticsManager
    SYSTEM_MEMORY
    JAVA_MEMORY
    OPERATING_SYSTEM
    JAVA_VIRTUAL_MACHINE
    CLASSPATH
    LIBRARY_PATH
    SYSTEM_PROPERTIES
    NETWORK
2018-05-10 15:34:51.485+0000 INFO  [org.neo4j]: System memory information:
    Total Physical memory: 3.92 GB
    Free Physical memory: 971.77 MB
    Committed virtual memory: 333.18 MB
    Total swap space: 6.40 GB
    Free swap space: 2.05 GB
2018-05-10 15:34:51.485+0000 INFO  [org.neo4j]: JVM memory information:
    Free  memory: 134.54 MB
    Total memory: 167.50 MB
    Max   memory: 892.50 MB
    Garbage Collector: PS Scavenge: [PS Eden Space, PS Survivor Space]
    Garbage Collector: PS MarkSweep: [PS Eden Space, PS Survivor Space, PS Old Gen]
    Memory Pool: Code Cache (Non-heap memory): committed=11.13 MB, used=10.95 MB, max=240.00 MB, threshold=0.00 B
    Memory Pool: Metaspace (Non-heap memory): committed=36.79 MB, used=34.94 MB, max=-1.00 B, threshold=0.00 B
    Memory Pool: Compressed Class Space (Non-heap memory): committed=4.92 MB, used=4.39 MB, max=1.00 GB, threshold=0.00 B
    Memory Pool: PS Eden Space (Heap memory): committed=104.00 MB, used=11.69 MB, max=311.00 MB, threshold=?
    Memory Pool: PS Survivor Space (Heap memory): committed=10.50 MB, used=0.00 B, max=10.50 MB, threshold=?
    Memory Pool: PS Old Gen (Heap memory): committed=53.00 MB, used=21.27 MB, max=669.50 MB, threshold=0.00 B
2018-05-10 15:34:51.508+0000 INFO  [org.neo4j]: Operating system information:
    Operating System: Windows 10; version: 10.0; arch: amd64; cpus: 4
    Process id: 7816@dealer
    Byte order: LITTLE_ENDIAN
    Local timezone: Africa/Luanda
2018-05-10 15:34:51.508+0000 INFO  [org.neo4j]: JVM information:
    VM Name: Java HotSpot(TM) 64-Bit Server VM
    VM Vendor: Oracle Corporation
    VM Version: 25.144-b01
    JIT compiler: HotSpot 64-Bit Tiered Compilers
    VM Arguments: []
2018-05-10 15:34:51.508+0000 INFO  [org.neo4j]: Java classpath:
     [bootstrap] C:\Program Files\Java\jre1.8.0_144\lib\jfr.jar
     [classpath] C:\Users\bob\AppData\Local\Temp\Rar$EXa0.786\neoclipse-1.9.5\plugins\org.eclipse.equinox.launcher_1.2.0.v20110502.jar
     [bootstrap] C:\Program Files\Java\jre1.8.0_144\lib\resources.jar
     [bootstrap] C:\Program Files\Java\jre1.8.0_144\lib\charsets.jar
     [bootstrap] C:\Program Files\Java\jre1.8.0_144\classes
     [bootstrap] C:\Program Files\Java\jre1.8.0_144\lib\rt.jar
     [bootstrap] C:\Program Files\Java\jre1.8.0_144\lib\sunrsasign.jar
     [bootstrap] C:\Program Files\Java\jre1.8.0_144\lib\jsse.jar
     [bootstrap] C:\Program Files\Java\jre1.8.0_144\lib\jce.jar
2018-05-10 15:34:51.523+0000 INFO  [org.neo4j]: Library path:
    C:\Users\bob\AppData\Local\Temp\Rar$EXa0.786\neoclipse-1.9.5
    C:\Windows\Sun\Java\bin
    C:\Windows\System32
    C:\Windows
    C:\Program Files\Java\jre1.8.0_144\bin\server
    C:\Program Files\Java\jre1.8.0_144\bin
    C:\Program Files\Java\jre1.8.0_144\lib\amd64
    C:\Program Files\WinRAR
    C:\soft\neo4j-community-3.3.2\bin\neo4j
    C:\soft\miktex\miktex\bin
    C:\soft\python3.6.4\Scripts
    C:\soft\python3.6.4
    C:\soft\python3.6.4\Lib\site-packages
    C:\ProgramData\Oracle\Java\javapath
    C:\Windows\System32
    C:\Windows
    C:\Windows\System32\wbem
    C:\Windows\System32\WindowsPowerShell\v1.0
    C:\Program Files (x86)\NVIDIA Corporation\PhysX\Common
    C:\Windows\System32
    C:\Windows
    C:\Windows\System32\wbem
    C:\Windows\System32\WindowsPowerShell\v1.0
    C:\soft\nodejs
    C:\soft\Brackets\command
    C:\soft\Git\cmd
    C:\Users\bob\AppData\Local\Microsoft\WindowsApps
    C:\soft\Python37
    C:\Users\bob\AppData\Local\GitHubDesktop\bin
    C:\Users\bob\AppData\Roaming\npm
    C:\Users\bob\AppData\Local\Temp\Rar$EXa0.786\neoclipse-1.9.5
    C:\Users\bob\AppData\Local\Temp\Rar$EXa0.786\neoclipse-1.9.5
    C:\Users\bob\AppData\Local\Temp\Rar$EXa0.786\neoclipse-1.9.5
2018-05-10 15:34:51.539+0000 INFO  [org.neo4j]: System.properties:
    osgi.bundles.defaultStartLevel = 4
    org.osgi.supports.framework.extension = true
    sun.management.compiler = HotSpot 64-Bit Tiered Compilers
    eclipse.p2.profile = DefaultProfile
    osgi.ws = win32
    sun.desktop = windows
    osgi.instance.area = file:/C:/Users/bob/AppData/Local/Temp/Rar$EXa0.786/neoclipse-1.9.5/neoclipse-workspace/
    org.osgi.framework.uuid = 700bf90d-6754-0018-1bd2-c5b603236dd6
    user.name = bob
    osgi.framework.extensions = 
    org.osgi.framework.system.packages = javax.accessibility,javax.activation,javax.activity,javax.annotation,javax.annotation.processing,javax.crypto,javax.crypto.interfaces,javax.crypto.spec,javax.imageio,javax.imageio.event,javax.imageio.metadata,javax.imageio.plugins.bmp,javax.imageio.plugins.jpeg,javax.imageio.spi,javax.imageio.stream,javax.jws,javax.jws.soap,javax.lang.model,javax.lang.model.element,javax.lang.model.type,javax.lang.model.util,javax.management,javax.management.event,javax.management.loading,javax.management.modelmbean,javax.management.monitor,javax.management.namespace,javax.management.openmbean,javax.management.relation,javax.management.remote,javax.management.remote.rmi,javax.management.timer,javax.naming,javax.naming.directory,javax.naming.event,javax.naming.ldap,javax.naming.spi,javax.net,javax.net.ssl,javax.print,javax.print.attribute,javax.print.attribute.standard,javax.print.event,javax.rmi,javax.rmi.CORBA,javax.rmi.ssl,javax.script,javax.security.auth,javax.security.auth.callback,javax.security.auth.kerberos,javax.security.auth.login,javax.security.auth.spi,javax.security.auth.x500,javax.security.cert,javax.security.sasl,javax.sound.midi,javax.sound.midi.spi,javax.sound.sampled,javax.sound.sampled.spi,javax.sql,javax.sql.rowset,javax.sql.rowset.serial,javax.sql.rowset.spi,javax.swing,javax.swing.border,javax.swing.colorchooser,javax.swing.event,javax.swing.filechooser,javax.swing.plaf,javax.swing.plaf.basic,javax.swing.plaf.metal,javax.swing.plaf.multi,javax.swing.plaf.nimbus,javax.swing.plaf.synth,javax.swing.table,javax.swing.text,javax.swing.text.html,javax.swing.text.html.parser,javax.swing.text.rtf,javax.swing.tree,javax.swing.undo,javax.tools,javax.transaction,javax.transaction.xa,javax.xml,javax.xml.bind,javax.xml.bind.annotation,javax.xml.bind.annotation.adapters,javax.xml.bind.attachment,javax.xml.bind.helpers,javax.xml.bind.util,javax.xml.crypto,javax.xml.crypto.dom,javax.xml.crypto.dsig,javax.xml.crypto.dsig.dom,javax.xml.crypto.dsig.keyinfo,javax.xml.crypto.dsig.spec,javax.xml.datatype,javax.xml.namespace,javax.xml.parsers,javax.xml.soap,javax.xml.stream,javax.xml.stream.events,javax.xml.stream.util,javax.xml.transform,javax.xml.transform.dom,javax.xml.transform.sax,javax.xml.transform.stax,javax.xml.transform.stream,javax.xml.validation,javax.xml.ws,javax.xml.ws.handler,javax.xml.ws.handler.soap,javax.xml.ws.http,javax.xml.ws.soap,javax.xml.ws.spi,javax.xml.ws.spi.http,javax.xml.ws.wsaddressing,javax.xml.xpath,org.ietf.jgss,org.omg.CORBA,org.omg.CORBA_2_3,org.omg.CORBA_2_3.portable,org.omg.CORBA.DynAnyPackage,org.omg.CORBA.ORBPackage,org.omg.CORBA.portable,org.omg.CORBA.TypeCodePackage,org.omg.CosNaming,org.omg.CosNaming.NamingContextExtPackage,org.omg.CosNaming.NamingContextPackage,org.omg.Dynamic,org.omg.DynamicAny,org.omg.DynamicAny.DynAnyFactoryPackage,org.omg.DynamicAny.DynAnyPackage,org.omg.IOP,org.omg.IOP.CodecFactoryPackage,org.omg.IOP.CodecPackage,org.omg.Messaging,org.omg.PortableInterceptor,org.omg.PortableInterceptor.ORBInitInfoPackage,org.omg.PortableServer,org.omg.PortableServer.CurrentPackage,org.omg.PortableServer.POAManagerPackage,org.omg.PortableServer.POAPackage,org.omg.PortableServer.portable,org.omg.PortableServer.ServantLocatorPackage,org.omg.SendingContext,org.omg.stub.java.rmi,org.w3c.dom,org.w3c.dom.bootstrap,org.w3c.dom.css,org.w3c.dom.events,org.w3c.dom.html,org.w3c.dom.ls,org.w3c.dom.ranges,org.w3c.dom.stylesheets,org.w3c.dom.traversal,org.w3c.dom.views,org.w3c.dom.xpath,org.xml.sax,org.xml.sax.ext,org.xml.sax.helpers
    eclipse.launcher = C:\Users\bob\AppData\Local\Temp\Rar$EXa0.786\neoclipse-1.9.5\neoclipse.exe
    eclipse.launcher.name = Neoclipse
    org.osgi.framework.language = en
    user.language = en
    org.osgi.framework.processor = x86-64
    osgi.syspath = c:\Users\bob\AppData\Local\Temp\Rar$EXa0.786\neoclipse-1.9.5\plugins
    sun.boot.library.path = C:\Program Files\Java\jre1.8.0_144\bin
    org.osgi.framework.system.capabilities = osgi.ee; osgi.ee="OSGi/Minimum"; version:List<Version>="1.0, 1.1, 1.2",osgi.ee; osgi.ee="JavaSE"; version:List<Version>="1.0, 1.1, 1.2, 1.3, 1.4, 1.5, 1.6, 1.7"
    osgi.manifest.cache = C:\Users\bob\AppData\Local\Temp\Rar$EXa0.786\neoclipse-1.9.5\configuration\org.eclipse.osgi\manifests
    org.osgi.framework.os.name = windows 10
    user.timezone = Africa/Luanda
    sun.arch.data.model = 64
    osgi.bundles = reference:file:ch.qos.logback.classic_1.0.7.v20121108-1250.jar@4,reference:file:ch.qos.logback.core_1.0.7.v20121108-1250.jar@4,reference:file:ch.qos.logback.slf4j_0.9.27.v20110224-1110.jar@4,reference:file:com.google.gson_2.1.0.v201303041604.jar@4,reference:file:com.ibm.icu_4.4.2.v20110823.jar@4,reference:file:javax.activation_1.1.0.v201108011116.jar@4,reference:file:javax.servlet_2.5.0.v201103041518.jar@4,reference:file:javax.servlet.jsp_2.0.0.v201101211617.jar@4,reference:file:javax.xml_1.3.4.v201005080400.jar@4,reference:file:org.apache.ant_1.8.2.v20120109-1030/@4,reference:file:org.apache.commons.codec_1.3.0.v201101211617.jar@4,reference:file:org.apache.commons.el_1.0.0.v201101211617.jar@4,reference:file:org.apache.commons.jxpath_1.3.0.v200911051830.jar@4,reference:file:org.apache.commons.logging_1.0.4.v201101211617.jar@4,reference:file:org.apache.jasper_5.5.17.v201101211617.jar@4,reference:file:org.apache.log4j_1.2.15.v201012070815.jar@4,reference:file:org.apache.lucene_2.9.1.v201101211721.jar@4,reference:file:org.apache.lucene.analysis_2.9.1.v201101211721.jar@4,reference:file:org.apache.lucene.core_2.9.1.v201101211721.jar@4,reference:file:org.apache.lucene.highlighter_2.9.1.v20100421-0704.jar@4,reference:file:org.apache.lucene.memory_2.9.1.v20100421-0704.jar@4,reference:file:org.apache.lucene.misc_2.9.1.v20100421-0704.jar@4,reference:file:org.apache.lucene.queries_2.9.1.v20100421-0704.jar@4,reference:file:org.apache.lucene.snowball_2.9.1.v20100421-0704.jar@4,reference:file:org.apache.lucene.spellchecker_2.9.1.v20100421-0704.jar@4,reference:file:org.apache.xerces_2.9.0.v201101211617.jar@4,reference:file:org.apache.xml.resolver_1.2.0.v201005080400.jar@4,reference:file:org.apache.xml.serializer_2.7.1.v201005080400.jar@4,reference:file:org.eclipse.ant.core_3.2.302.v20120110-1739.jar@4,reference:file:org.eclipse.compare_3.5.202.R37x_v20111109-0800.jar@4,reference:file:org.eclipse.compare.core_3.5.200.I20110208-0800.jar@4,reference:file:org.eclipse.core.commands_3.6.0.I20110111-0800.jar@4,reference:file:org.eclipse.core.contenttype_3.4.100.v20110423-0524.jar@4,reference:file:org.eclipse.core.databinding_1.4.0.I20110111-0800.jar@4,reference:file:org.eclipse.core.databinding.observable_1.4.0.I20110222-0800.jar@4,reference:file:org.eclipse.core.databinding.property_1.4.0.I20110222-0800.jar@4,reference:file:org.eclipse.core.expressions_3.4.300.v20110228.jar@4,reference:file:org.eclipse.core.filebuffers_3.5.200.v20110928-1504.jar@4,reference:file:org.eclipse.core.filesystem_1.3.100.v20110423-0524.jar@4,reference:file:org.eclipse.core.filesystem.win32.x86_64_1.1.300.v20110423-0524.jar@4,reference:file:org.eclipse.core.jobs_3.5.101.v20120113-1953.jar@4,reference:file:org.eclipse.core.net_1.2.100.I20110511-0800.jar@4,reference:file:org.eclipse.core.net.win32.x86_64_1.0.100.I20110331-0827.jar@4,reference:file:org.eclipse.core.resources_3.7.101.v20120125-1505.jar@4,reference:file:org.eclipse.core.runtime_3.7.0.v20110110.jar@4:start,reference:file:org.eclipse.core.runtime.compatibility_3.2.100.v20100505.jar@4,reference:file:org.eclipse.core.runtime.compatibility.auth_3.2.200.v20110110.jar@4,reference:file:org.eclipse.core.runtime.compatibility.registry_3.5.0.v20110505/@4,reference:file:org.eclipse.core.variables_3.2.500.v20110928-1503.jar@4,reference:file:org.eclipse.draw2d_3.7.2.v20111017-2020.jar@4,reference:file:org.eclipse.emf.common_2.7.0.v20120127-1122.jar@4,reference:file:org.eclipse.emf.ecore_2.7.0.v20120127-1122.jar@4,reference:file:org.eclipse.emf.ecore.change_2.7.1.v20120127-1122.jar@4,reference:file:org.eclipse.emf.ecore.edit_2.7.1.v20120130-0943.jar@4,reference:file:org.eclipse.emf.ecore.xmi_2.7.0.v20120127-1122.jar@4,reference:file:org.eclipse.emf.edit_2.7.2.v20120130-0943.jar@4,reference:file:org.eclipse.equinox.app_1.3.100.v20110321.jar@4,reference:file:org.eclipse.equinox.common_3.6.0.v20110523.jar@4,reference:file:org.eclipse.equinox.http.jetty_2.0.100.v20110502.jar@4,reference:file:org.eclipse.equinox.http.registry_1.1.100.v20110502.jar@4,reference:file:org.eclipse.equinox.http.servlet_1.1.200.v20110502.jar@4,reference:file:org.eclipse.equinox.jsp.jasper_1.0.300.v20110502.jar@4,reference:file:org.eclipse.equinox.jsp.jasper.registry_1.0.200.v20100503.jar@4,reference:file:org.eclipse.equinox.launcher_1.2.0.v20110502.jar@4,reference:file:org.eclipse.equinox.launcher.win32.win32.x86_64_1.1.100.v20110502/@4,reference:file:org.eclipse.equinox.p2.core_2.1.1.v20120113-1346.jar@4,reference:file:org.eclipse.equinox.p2.engine_2.1.1.R37x_v20111003.jar@4,reference:file:org.eclipse.equinox.p2.metadata_2.1.0.v20110815-1419.jar@4,reference:file:org.eclipse.equinox.p2.metadata.repository_1.2.0.v20110815-1419.jar@4,reference:file:org.eclipse.equinox.p2.repository_2.1.1.v20120113-1346.jar@4,reference:file:org.eclipse.equinox.preferences_3.4.2.v20120111-2020.jar@4,reference:file:org.eclipse.equinox.registry_3.5.101.R37x_v20110810-1611.jar@4,reference:file:org.eclipse.equinox.security_1.1.1.R37x_v20110822-1018.jar@4,reference:file:org.eclipse.equinox.security.win32.x86_64_1.0.0.v20110502.jar@4,reference:file:org.eclipse.gef_3.7.2.v20111106-2020.jar@4,reference:file:org.eclipse.help_3.5.100.v20110426.jar@4,reference:file:org.eclipse.help.appserver_3.1.400.v20110425.jar@4,reference:file:org.eclipse.help.base_3.6.2.v201202080800.jar@4,reference:file:org.eclipse.help.ui_3.5.101.r37_20110819.jar@4,reference:file:org.eclipse.help.webapp_3.6.1.r37_20110929.jar@4,reference:file:org.eclipse.jem.util_2.1.100.v201103021400.jar@4,reference:file:org.eclipse.jface_3.7.0.v20110928-1505.jar@4,reference:file:org.eclipse.jface.databinding_1.5.0.I20100907-0800.jar@4,reference:file:org.eclipse.jface.text_3.7.2.v20111213-1208.jar@4,reference:file:org.eclipse.ltk.core.refactoring_3.5.201.r372_v20111101-0700.jar@4,reference:file:org.eclipse.ltk.ui.refactoring_3.6.0.v20110928-1453.jar@4,reference:file:org.eclipse.osgi.services_3.3.0.v20110513.jar@4,reference:file:org.eclipse.osgi.util_3.2.200.v20110110.jar@4,reference:file:org.eclipse.platform_3.7.2.v201202080800/@4,reference:file:org.eclipse.search_3.7.0.v20110928-1504.jar@4,reference:file:org.eclipse.swt_3.7.2.v3740f.jar@4,reference:file:org.eclipse.swt.win32.win32.x86_64_3.7.2.v3740f.jar@4,reference:file:org.eclipse.team.core_3.6.0.I20110525-0800.jar@4,reference:file:org.eclipse.team.ui_3.6.101.R37x_v20111109-0800.jar@4,reference:file:org.eclipse.text_3.5.101.v20110928-1504.jar@4,reference:file:org.eclipse.ui_3.7.0.v20110928-1505.jar@4,reference:file:org.eclipse.ui.cheatsheets_3.4.100.v20110425.jar@4,reference:file:org.eclipse.ui.console_3.5.100.v20111007_r372.jar@4,reference:file:org.eclipse.ui.editors_3.7.0.v20110928-1504.jar@4,reference:file:org.eclipse.ui.forms_3.5.101.v20111011-1919.jar@4,reference:file:org.eclipse.ui.ide_3.7.0.v20110928-1505.jar@4,reference:file:org.eclipse.ui.ide.application_1.0.300.I20110306-2000.jar@4,reference:file:org.eclipse.ui.intro_3.4.100.v20110425.jar@4,reference:file:org.eclipse.ui.intro.universal_3.2.500.v20110510/@4,reference:file:org.eclipse.ui.navigator_3.5.101.v20120106-1355.jar@4,reference:file:org.eclipse.ui.navigator.resources_3.4.300.v20110928-1505.jar@4,reference:file:org.eclipse.ui.views_3.6.0.v20110928-1505.jar@4,reference:file:org.eclipse.ui.views.properties.tabbed_3.5.200.v20110928-1505.jar@4,reference:file:org.eclipse.ui.win32_3.2.200.v20110928-1505.jar@4,reference:file:org.eclipse.ui.workbench_3.7.1.v20120104-1859.jar@4,reference:file:org.eclipse.ui.workbench.texteditor_3.7.0.v20110928-1504.jar@4,reference:file:org.eclipse.update.configurator_3.3.100.v20100512.jar@4,reference:file:org.eclipse.update.core_3.2.500.v20110330.jar@4,reference:file:org.eclipse.update.core.win32_3.2.200.v20100512.jar@4,reference:file:org.eclipse.update.ui_3.2.300.v20100512.jar@4,reference:file:org.eclipse.wst.common.core_1.2.0.v200908252030.jar@4,reference:file:org.eclipse.wst.common.emf_1.2.100.v201101101900.jar@4,reference:file:org.eclipse.wst.common.emfworkbench.integration_1.2.101.v201107140600.jar@4,reference:file:org.eclipse.wst.common.environment_1.0.400.v200912181832.jar@4,reference:file:org.eclipse.wst.common.frameworks_1.2.102.v201201190400.jar@4,reference:file:org.eclipse.wst.common.project.facet.core_1.4.201.v201201101553.jar@4,reference:file:org.eclipse.wst.common.uriresolver_1.1.401.v201004280700.jar@4,reference:file:org.eclipse.wst.sse.core_1.1.602.v201112071516.jar@4,reference:file:org.eclipse.wst.validation_1.2.303.v201202090300.jar@4,reference:file:org.eclipse.wst.xml.core_1.1.602.v201201091944.jar@4,reference:file:org.eclipse.wst.xsd.core_1.1.600.v201104070312.jar@4,reference:file:org.eclipse.xsd_2.7.1.v20120130-0943.jar@4,reference:file:org.eclipse.zest.core_1.3.0.v20110221-2050.jar@4,reference:file:org.eclipse.zest.layouts_1.1.0.v20110425-2050.jar@4,reference:file:org.hamcrest.core_1.3.0.v201303031735.jar@4,reference:file:org.jdom_1.1.1.v201101151400.jar@4,reference:file:org.junit_4.8.2.v4_8_2_v20110321-1705/@4,reference:file:org.mortbay.jetty.server_6.1.23.v201012071420.jar@4,reference:file:org.mortbay.jetty.util_6.1.23.v201012071420.jar@4,reference:file:org.neo4j.neoclipse_1.9.5.jar@4,reference:file:org.neo4j.neoclipse.dependencies_1.9.5/@4,reference:file:org.neo4j.neoclipse.doc_1.9.5.jar@4,reference:file:org.slf4j.api_1.6.4.v20120130-2120.jar@4,reference:file:org.slf4j.api_1.7.2.v20121108-1250.jar@4,reference:file:org.slf4j.jcl_1.7.2.v20130115-1340.jar@4
    osgi.tracefile = C:\Users\bob\AppData\Local\Temp\Rar$EXa0.786\neoclipse-1.9.5\neoclipse-workspace\.metadata\trace.log
    sun.cpu.isalist = amd64
    sun.jnu.encoding = Cp1252
    eclipse.application = org.neo4j.neoclipse.application
    file.encoding.pkg = sun.io
    org.osgi.framework.vendor = Eclipse
    file.separator = \
    user.country = US
    org.eclipse.equinox.launcher.splash.location = c:\Users\bob\AppData\Local\Temp\Rar$EXa0.786\neoclipse-1.9.5\configuration\org.eclipse.equinox.launcher\org.neo4j.neoclipse_1.9.5\splash.bmp
    osgi.os = win32
    eclipse.commands = -os
win32
-ws
win32
-arch
x86_64
-showsplash
-launcher
C:\Users\bob\AppData\Local\Temp\Rar$EXa0.786\neoclipse-1.9.5\neoclipse.exe
-name
Neoclipse
--launcher.library
C:\Users\bob\AppData\Local\Temp\Rar$EXa0.786\neoclipse-1.9.5\\plugins/org.eclipse.equinox.launcher.win32.win32.x86_64_1.1.100.v20110502\eclipse_1406.dll
-startup
C:\Users\bob\AppData\Local\Temp\Rar$EXa0.786\neoclipse-1.9.5\\plugins/org.eclipse.equinox.launcher_1.2.0.v20110502.jar
--launcher.overrideVmargs
-data
@noDefault
-vm
C:\Program Files\Java\jre1.8.0_144\bin\server\jvm.dll

    osgi.splashLocation = c:\Users\bob\AppData\Local\Temp\Rar$EXa0.786\neoclipse-1.9.5\configuration\org.eclipse.equinox.launcher\org.neo4j.neoclipse_1.9.5\splash.bmp
    osgi.arch = x86_64
    path.separator = ;
    org.osgi.supports.framework.fragment = true
    user.variant = 
    osgi.framework.shape = jar
    sun.io.unicode.encoding = UnicodeLittle
    org.osgi.framework.version = 1.6.0
    awt.toolkit = sun.awt.windows.WToolkit
    user.script = 
    osgi.install.area = file:/C:/Users/bob/AppData/Local/Temp/Rar$EXa0.786/neoclipse-1.9.5/
    osgi.framework = file:/c:/Users/bob/AppData/Local/Temp/Rar$EXa0.786/neoclipse-1.9.5/plugins/org.eclipse.osgi_3.7.2.v20120110-1415.jar
    user.home = C:\Users\bob
    osgi.bundlestore = C:\Users\bob\AppData\Local\Temp\Rar$EXa0.786\neoclipse-1.9.5\configuration\org.eclipse.osgi\bundles
    osgi.splashPath = platform:/base/plugins/org.neo4j.neoclipse
    osgi.nl = en_US
    org.osgi.framework.os.version = 10.0.0
    eclipse.startTime = 1525966220476
    eclipse.p2.data.area = @config.dir/../p2
    org.eclipse.update.reconcile = false
    eclipse.vm = C:\Program Files\Java\jre1.8.0_144\bin\server\jvm.dll
    sun.cpu.endian = little
    sun.os.patch.level = 
    eclipse.product = org.neo4j.neoclipse.neoclipseProduct
    eclipse.home.location = file:/C:/Users/bob/AppData/Local/Temp/Rar$EXa0.786/neoclipse-1.9.5/
    user.dir = C:\Users\bob\AppData\Local\Temp\Rar$EXa0.786\neoclipse-1.9.5
    org.osgi.supports.framework.requirebundle = true
    file.encoding = Cp1252
    osgi.framework.version = 3.7.2.v20120110-1415
    eclipse.vmargs = -Djava.class.path=C:\Users\bob\AppData\Local\Temp\Rar$EXa0.786\neoclipse-1.9.5\\plugins/org.eclipse.equinox.launcher_1.2.0.v20110502.jar

    org.osgi.framework.executionenvironment = OSGi/Minimum-1.0,OSGi/Minimum-1.1,OSGi/Minimum-1.2,JRE-1.1,J2SE-1.2,J2SE-1.3,J2SE-1.4,J2SE-1.5,JavaSE-1.6,JavaSE-1.7
    osgi.logfile = C:\Users\bob\AppData\Local\Temp\Rar$EXa0.786\neoclipse-1.9.5\neoclipse-workspace\.metadata\.log
    osgi.configuration.area = file:/C:/Users/bob/AppData/Local/Temp/Rar$EXa0.786/neoclipse-1.9.5/configuration/
2018-05-10 15:34:51.539+0000 INFO  [org.neo4j]: Network information:
    Interface Software Loopback Interface 1:
        address: 127.0.0.1
        address: 0:0:0:0:0:0:0:1
    Interface RAS Async Adapter:
    Interface Teredo Tunneling Pseudo-Interface:
        address: 2001:0:9d38:6abd:141d:3e06:969a:f178
        address: fe80:0:0:0:141d:3e06:969a:f178%net0
    Interface Microsoft Kernel Debug Network Adapter:
    Interface WAN Miniport (SSTP):
    Interface VirtualBox Host-Only Ethernet Adapter:
    Interface WAN Miniport (L2TP):
    Interface WAN Miniport (IKEv2):
    Interface Qualcomm Atheros AR956x Wireless Network Adapter:
        address: fe80:0:0:0:4c78:da04:1508:3cff%wlan0
    Interface WAN Miniport (PPTP):
    Interface WAN Miniport (IP):
    Interface WAN Miniport (Network Monitor):
    Interface Microsoft Wi-Fi Direct Virtual Adapter #2:
    Interface Bluetooth Device (Personal Area Network):
    Interface Microsoft Wi-Fi Direct Virtual Adapter:
        address: fe80:0:0:0:4037:d616:6ba0:78e4%wlan2
    Interface WAN Miniport (IPv6):
    Interface Microsoft Wi-Fi Direct Virtual Adapter #3:
    Interface Realtek PCIe GBE Family Controller:
        address: 192.168.1.41
        address: fe80:0:0:0:d5ae:898:d7db:19ce%eth6
    Interface WAN Miniport (PPPOE):
    Interface Realtek PCIe GBE Family Controller-WFP Native MAC Layer LightWeight Filter-0000:
    Interface Realtek PCIe GBE Family Controller-QoS Packet Scheduler-0000:
    Interface Realtek PCIe GBE Family Controller-WFP 802.3 MAC Layer LightWeight Filter-0000:
    Interface Qualcomm Atheros AR956x Wireless Network Adapter-WFP Native MAC Layer LightWeight Filter-0000:
    Interface Qualcomm Atheros AR956x Wireless Network Adapter-Virtual WiFi Filter Driver-0000:
    Interface Qualcomm Atheros AR956x Wireless Network Adapter-Native WiFi Filter Driver-0000:
    Interface Qualcomm Atheros AR956x Wireless Network Adapter-QoS Packet Scheduler-0000:
    Interface Qualcomm Atheros AR956x Wireless Network Adapter-WFP 802.3 MAC Layer LightWeight Filter-0000:
    Interface Microsoft Wi-Fi Direct Virtual Adapter-WFP Native MAC Layer LightWeight Filter-0000:
    Interface Microsoft Wi-Fi Direct Virtual Adapter-Native WiFi Filter Driver-0000:
    Interface Microsoft Wi-Fi Direct Virtual Adapter-QoS Packet Scheduler-0000:
    Interface Microsoft Wi-Fi Direct Virtual Adapter-WFP 802.3 MAC Layer LightWeight Filter-0000:
    Interface WAN Miniport (IP)-WFP Native MAC Layer LightWeight Filter-0000:
    Interface WAN Miniport (IP)-QoS Packet Scheduler-0000:
    Interface WAN Miniport (IPv6)-WFP Native MAC Layer LightWeight Filter-0000:
    Interface WAN Miniport (IPv6)-QoS Packet Scheduler-0000:
    Interface WAN Miniport (Network Monitor)-WFP Native MAC Layer LightWeight Filter-0000:
    Interface WAN Miniport (Network Monitor)-QoS Packet Scheduler-0000:
2018-05-10 15:34:51.624+0000 INFO  [org.neo4j]: --- INITIALIZED diagnostics END ---
2018-05-10 15:34:51.639+0000 INFO  [org.neo4j]: C:\soft\neo4j-community-3.3.2\data\databases\graph.db\neostore.relationshiptypestore.db.names non clean shutdown detected
2018-05-10 15:34:51.655+0000 INFO  [org.neo4j]: [C:\soft\neo4j-community-3.3.2\data\databases\graph.db\neostore.relationshiptypestore.db.names] brickCount=0 brickSize=0b mappedMem=0b (storeSize=8192b)
2018-05-10 15:34:51.655+0000 INFO  [org.neo4j]: C:\soft\neo4j-community-3.3.2\data\databases\graph.db\neostore.relationshiptypestore.db non clean shutdown detected
2018-05-10 15:34:51.671+0000 INFO  [org.neo4j]: [C:\soft\neo4j-community-3.3.2\data\databases\graph.db\neostore.relationshiptypestore.db] brickCount=0 brickSize=0b mappedMem=0b (storeSize=8190b)
2018-05-10 15:34:51.671+0000 INFO  [org.neo4j]: C:\soft\neo4j-community-3.3.2\data\databases\graph.db\neostore.propertystore.db.strings non clean shutdown detected
2018-05-10 15:34:51.671+0000 INFO  [org.neo4j]: [C:\soft\neo4j-community-3.3.2\data\databases\graph.db\neostore.propertystore.db.strings] brickCount=78 brickSize=48128b mappedMem=48234496b (storeSize=3768320b)
2018-05-10 15:34:51.671+0000 INFO  [org.neo4j]: C:\soft\neo4j-community-3.3.2\data\databases\graph.db\neostore.propertystore.db.index.keys non clean shutdown detected
2018-05-10 15:34:51.686+0000 INFO  [org.neo4j]: [C:\soft\neo4j-community-3.3.2\data\databases\graph.db\neostore.propertystore.db.index.keys] brickCount=0 brickSize=0b mappedMem=0b (storeSize=8192b)
2018-05-10 15:34:51.686+0000 INFO  [org.neo4j]: C:\soft\neo4j-community-3.3.2\data\databases\graph.db\neostore.propertystore.db.index non clean shutdown detected
2018-05-10 15:34:51.686+0000 INFO  [org.neo4j]: [C:\soft\neo4j-community-3.3.2\data\databases\graph.db\neostore.propertystore.db.index] brickCount=0 brickSize=0b mappedMem=0b (storeSize=8190b)
2018-05-10 15:34:51.686+0000 INFO  [org.neo4j]: C:\soft\neo4j-community-3.3.2\data\databases\graph.db\neostore.propertystore.db.arrays non clean shutdown detected
2018-05-10 15:34:51.702+0000 INFO  [org.neo4j]: [C:\soft\neo4j-community-3.3.2\data\databases\graph.db\neostore.propertystore.db.arrays] brickCount=0 brickSize=55552b mappedMem=55574528b (storeSize=8192b)
2018-05-10 15:34:51.703+0000 INFO  [org.neo4j]: C:\soft\neo4j-community-3.3.2\data\databases\graph.db\neostore.propertystore.db non clean shutdown detected
2018-05-10 15:34:51.708+0000 INFO  [org.neo4j]: [C:\soft\neo4j-community-3.3.2\data\databases\graph.db\neostore.propertystore.db] brickCount=88 brickSize=56621b mappedMem=56623104b (storeSize=5001467b)
2018-05-10 15:34:51.708+0000 INFO  [org.neo4j]: C:\soft\neo4j-community-3.3.2\data\databases\graph.db\neostore.relationshipstore.db non clean shutdown detected
2018-05-10 15:34:51.708+0000 INFO  [org.neo4j]: [C:\soft\neo4j-community-3.3.2\data\databases\graph.db\neostore.relationshipstore.db] brickCount=5 brickSize=69201b mappedMem=69206016b (storeSize=399840b)
2018-05-10 15:34:51.708+0000 INFO  [org.neo4j]: C:\soft\neo4j-community-3.3.2\data\databases\graph.db\neostore.nodestore.db non clean shutdown detected
2018-05-10 15:34:51.708+0000 INFO  [org.neo4j]: [C:\soft\neo4j-community-3.3.2\data\databases\graph.db\neostore.nodestore.db] brickCount=41 brickSize=15723b mappedMem=15728640b (storeSize=655200b)
2018-05-10 15:34:51.708+0000 INFO  [org.neo4j]: --- STOPPING diagnostics START ---
2018-05-10 15:34:51.708+0000 INFO  [org.neo4j]: --- STOPPING diagnostics END ---
2018-05-10 15:34:51.708+0000 INFO  [org.neo4j]: Startup failed: Component 'org.neo4j.kernel.impl.transaction.XaDataSourceManager@37621812' was successfully initialized, but failed to start. Please see attached cause exception.: Component 'org.neo4j.kernel.impl.nioneo.xa.NeoStoreXaDataSource@10c8565f' was successfully initialized, but failed to start. Please see attached cause exception.: Mismatching store version found (v0.A.8 while expecting v0.A.0) and the store is not cleanly shutdown. Recover the database with the previous database version and then attempt to upgrade
2018-05-10 15:34:51.708+0000 INFO  [org.neo4j]: Shutdown started
2018-05-10 15:35:07.731+0000 INFO  [org.neo4j]: You are using an unsupported version of the Java runtime. Please use Oracle(R) Java(TM) Runtime Environment 7.
2018-05-10 15:35:07.731+0000 INFO  [org.neo4j]: --- INITIALIZED diagnostics START ---
2018-05-10 15:35:07.731+0000 INFO  [org.neo4j]: Neo4j Kernel properties:
    neostore.propertystore.db.strings.mapped_memory=46M
    neostore.nodestore.db.mapped_memory=15M
    store_dir=C:\soft\neo4j-community-3.3.2\data\databases\graph.db
    neostore.propertystore.db.arrays.mapped_memory=53M
    allow_store_upgrade=true
    neostore.propertystore.db.mapped_memory=54M
    neostore.relationshipstore.db.mapped_memory=66M
2018-05-10 15:35:07.731+0000 INFO  [org.neo4j]: Diagnostics providers:
    org.neo4j.kernel.configuration.Config
    org.neo4j.kernel.info.DiagnosticsManager
    SYSTEM_MEMORY
    JAVA_MEMORY
    OPERATING_SYSTEM
    JAVA_VIRTUAL_MACHINE
    CLASSPATH
    LIBRARY_PATH
    SYSTEM_PROPERTIES
    NETWORK
2018-05-10 15:35:07.747+0000 INFO  [org.neo4j]: System memory information:
    Total Physical memory: 3.92 GB
    Free Physical memory: 970.55 MB
    Committed virtual memory: 334.07 MB
    Total swap space: 6.40 GB
    Free swap space: 2.06 GB
2018-05-10 15:35:07.747+0000 INFO  [org.neo4j]: JVM memory information:
    Free  memory: 129.50 MB
    Total memory: 167.50 MB
    Max   memory: 892.50 MB
    Garbage Collector: PS Scavenge: [PS Eden Space, PS Survivor Space]
    Garbage Collector: PS MarkSweep: [PS Eden Space, PS Survivor Space, PS Old Gen]
    Memory Pool: Code Cache (Non-heap memory): committed=11.56 MB, used=11.47 MB, max=240.00 MB, threshold=0.00 B
    Memory Pool: Metaspace (Non-heap memory): committed=36.92 MB, used=35.08 MB, max=-1.00 B, threshold=0.00 B
    Memory Pool: Compressed Class Space (Non-heap memory): committed=4.92 MB, used=4.39 MB, max=1.00 GB, threshold=0.00 B
    Memory Pool: PS Eden Space (Heap memory): committed=104.00 MB, used=16.73 MB, max=311.00 MB, threshold=?
    Memory Pool: PS Survivor Space (Heap memory): committed=10.50 MB, used=0.00 B, max=10.50 MB, threshold=?
    Memory Pool: PS Old Gen (Heap memory): committed=53.00 MB, used=21.27 MB, max=669.50 MB, threshold=0.00 B
2018-05-10 15:35:07.763+0000 INFO  [org.neo4j]: Operating system information:
    Operating System: Windows 10; version: 10.0; arch: amd64; cpus: 4
    Process id: 7816@dealer
    Byte order: LITTLE_ENDIAN
    Local timezone: Africa/Luanda
2018-05-10 15:35:07.763+0000 INFO  [org.neo4j]: JVM information:
    VM Name: Java HotSpot(TM) 64-Bit Server VM
    VM Vendor: Oracle Corporation
    VM Version: 25.144-b01
    JIT compiler: HotSpot 64-Bit Tiered Compilers
    VM Arguments: []
2018-05-10 15:35:07.763+0000 INFO  [org.neo4j]: Java classpath:
     [bootstrap] C:\Program Files\Java\jre1.8.0_144\lib\jfr.jar
     [classpath] C:\Users\bob\AppData\Local\Temp\Rar$EXa0.786\neoclipse-1.9.5\plugins\org.eclipse.equinox.launcher_1.2.0.v20110502.jar
     [bootstrap] C:\Program Files\Java\jre1.8.0_144\lib\resources.jar
     [bootstrap] C:\Program Files\Java\jre1.8.0_144\lib\charsets.jar
     [bootstrap] C:\Program Files\Java\jre1.8.0_144\classes
     [bootstrap] C:\Program Files\Java\jre1.8.0_144\lib\rt.jar
     [bootstrap] C:\Program Files\Java\jre1.8.0_144\lib\sunrsasign.jar
     [bootstrap] C:\Program Files\Java\jre1.8.0_144\lib\jsse.jar
     [bootstrap] C:\Program Files\Java\jre1.8.0_144\lib\jce.jar
2018-05-10 15:35:07.778+0000 INFO  [org.neo4j]: Library path:
    C:\Users\bob\AppData\Local\Temp\Rar$EXa0.786\neoclipse-1.9.5
    C:\Windows\Sun\Java\bin
    C:\Windows\System32
    C:\Windows
    C:\Program Files\Java\jre1.8.0_144\bin\server
    C:\Program Files\Java\jre1.8.0_144\bin
    C:\Program Files\Java\jre1.8.0_144\lib\amd64
    C:\Program Files\WinRAR
    C:\soft\neo4j-community-3.3.2\bin\neo4j
    C:\soft\miktex\miktex\bin
    C:\soft\python3.6.4\Scripts
    C:\soft\python3.6.4
    C:\soft\python3.6.4\Lib\site-packages
    C:\ProgramData\Oracle\Java\javapath
    C:\Windows\System32
    C:\Windows
    C:\Windows\System32\wbem
    C:\Windows\System32\WindowsPowerShell\v1.0
    C:\Program Files (x86)\NVIDIA Corporation\PhysX\Common
    C:\Windows\System32
    C:\Windows
    C:\Windows\System32\wbem
    C:\Windows\System32\WindowsPowerShell\v1.0
    C:\soft\nodejs
    C:\soft\Brackets\command
    C:\soft\Git\cmd
    C:\Users\bob\AppData\Local\Microsoft\WindowsApps
    C:\soft\Python37
    C:\Users\bob\AppData\Local\GitHubDesktop\bin
    C:\Users\bob\AppData\Roaming\npm
    C:\Users\bob\AppData\Local\Temp\Rar$EXa0.786\neoclipse-1.9.5
    C:\Users\bob\AppData\Local\Temp\Rar$EXa0.786\neoclipse-1.9.5
    C:\Users\bob\AppData\Local\Temp\Rar$EXa0.786\neoclipse-1.9.5
2018-05-10 15:35:07.794+0000 INFO  [org.neo4j]: System.properties:
    osgi.bundles.defaultStartLevel = 4
    org.osgi.supports.framework.extension = true
    sun.management.compiler = HotSpot 64-Bit Tiered Compilers
    eclipse.p2.profile = DefaultProfile
    osgi.ws = win32
    sun.desktop = windows
    osgi.instance.area = file:/C:/Users/bob/AppData/Local/Temp/Rar$EXa0.786/neoclipse-1.9.5/neoclipse-workspace/
    org.osgi.framework.uuid = 700bf90d-6754-0018-1bd2-c5b603236dd6
    user.name = bob
    osgi.framework.extensions = 
    org.osgi.framework.system.packages = javax.accessibility,javax.activation,javax.activity,javax.annotation,javax.annotation.processing,javax.crypto,javax.crypto.interfaces,javax.crypto.spec,javax.imageio,javax.imageio.event,javax.imageio.metadata,javax.imageio.plugins.bmp,javax.imageio.plugins.jpeg,javax.imageio.spi,javax.imageio.stream,javax.jws,javax.jws.soap,javax.lang.model,javax.lang.model.element,javax.lang.model.type,javax.lang.model.util,javax.management,javax.management.event,javax.management.loading,javax.management.modelmbean,javax.management.monitor,javax.management.namespace,javax.management.openmbean,javax.management.relation,javax.management.remote,javax.management.remote.rmi,javax.management.timer,javax.naming,javax.naming.directory,javax.naming.event,javax.naming.ldap,javax.naming.spi,javax.net,javax.net.ssl,javax.print,javax.print.attribute,javax.print.attribute.standard,javax.print.event,javax.rmi,javax.rmi.CORBA,javax.rmi.ssl,javax.script,javax.security.auth,javax.security.auth.callback,javax.security.auth.kerberos,javax.security.auth.login,javax.security.auth.spi,javax.security.auth.x500,javax.security.cert,javax.security.sasl,javax.sound.midi,javax.sound.midi.spi,javax.sound.sampled,javax.sound.sampled.spi,javax.sql,javax.sql.rowset,javax.sql.rowset.serial,javax.sql.rowset.spi,javax.swing,javax.swing.border,javax.swing.colorchooser,javax.swing.event,javax.swing.filechooser,javax.swing.plaf,javax.swing.plaf.basic,javax.swing.plaf.metal,javax.swing.plaf.multi,javax.swing.plaf.nimbus,javax.swing.plaf.synth,javax.swing.table,javax.swing.text,javax.swing.text.html,javax.swing.text.html.parser,javax.swing.text.rtf,javax.swing.tree,javax.swing.undo,javax.tools,javax.transaction,javax.transaction.xa,javax.xml,javax.xml.bind,javax.xml.bind.annotation,javax.xml.bind.annotation.adapters,javax.xml.bind.attachment,javax.xml.bind.helpers,javax.xml.bind.util,javax.xml.crypto,javax.xml.crypto.dom,javax.xml.crypto.dsig,javax.xml.crypto.dsig.dom,javax.xml.crypto.dsig.keyinfo,javax.xml.crypto.dsig.spec,javax.xml.datatype,javax.xml.namespace,javax.xml.parsers,javax.xml.soap,javax.xml.stream,javax.xml.stream.events,javax.xml.stream.util,javax.xml.transform,javax.xml.transform.dom,javax.xml.transform.sax,javax.xml.transform.stax,javax.xml.transform.stream,javax.xml.validation,javax.xml.ws,javax.xml.ws.handler,javax.xml.ws.handler.soap,javax.xml.ws.http,javax.xml.ws.soap,javax.xml.ws.spi,javax.xml.ws.spi.http,javax.xml.ws.wsaddressing,javax.xml.xpath,org.ietf.jgss,org.omg.CORBA,org.omg.CORBA_2_3,org.omg.CORBA_2_3.portable,org.omg.CORBA.DynAnyPackage,org.omg.CORBA.ORBPackage,org.omg.CORBA.portable,org.omg.CORBA.TypeCodePackage,org.omg.CosNaming,org.omg.CosNaming.NamingContextExtPackage,org.omg.CosNaming.NamingContextPackage,org.omg.Dynamic,org.omg.DynamicAny,org.omg.DynamicAny.DynAnyFactoryPackage,org.omg.DynamicAny.DynAnyPackage,org.omg.IOP,org.omg.IOP.CodecFactoryPackage,org.omg.IOP.CodecPackage,org.omg.Messaging,org.omg.PortableInterceptor,org.omg.PortableInterceptor.ORBInitInfoPackage,org.omg.PortableServer,org.omg.PortableServer.CurrentPackage,org.omg.PortableServer.POAManagerPackage,org.omg.PortableServer.POAPackage,org.omg.PortableServer.portable,org.omg.PortableServer.ServantLocatorPackage,org.omg.SendingContext,org.omg.stub.java.rmi,org.w3c.dom,org.w3c.dom.bootstrap,org.w3c.dom.css,org.w3c.dom.events,org.w3c.dom.html,org.w3c.dom.ls,org.w3c.dom.ranges,org.w3c.dom.stylesheets,org.w3c.dom.traversal,org.w3c.dom.views,org.w3c.dom.xpath,org.xml.sax,org.xml.sax.ext,org.xml.sax.helpers
    eclipse.launcher = C:\Users\bob\AppData\Local\Temp\Rar$EXa0.786\neoclipse-1.9.5\neoclipse.exe
    eclipse.launcher.name = Neoclipse
    org.osgi.framework.language = en
    user.language = en
    org.osgi.framework.processor = x86-64
    osgi.syspath = c:\Users\bob\AppData\Local\Temp\Rar$EXa0.786\neoclipse-1.9.5\plugins
    sun.boot.library.path = C:\Program Files\Java\jre1.8.0_144\bin
    org.osgi.framework.system.capabilities = osgi.ee; osgi.ee="OSGi/Minimum"; version:List<Version>="1.0, 1.1, 1.2",osgi.ee; osgi.ee="JavaSE"; version:List<Version>="1.0, 1.1, 1.2, 1.3, 1.4, 1.5, 1.6, 1.7"
    osgi.manifest.cache = C:\Users\bob\AppData\Local\Temp\Rar$EXa0.786\neoclipse-1.9.5\configuration\org.eclipse.osgi\manifests
    org.osgi.framework.os.name = windows 10
    user.timezone = Africa/Luanda
    sun.arch.data.model = 64
    osgi.bundles = reference:file:ch.qos.logback.classic_1.0.7.v20121108-1250.jar@4,reference:file:ch.qos.logback.core_1.0.7.v20121108-1250.jar@4,reference:file:ch.qos.logback.slf4j_0.9.27.v20110224-1110.jar@4,reference:file:com.google.gson_2.1.0.v201303041604.jar@4,reference:file:com.ibm.icu_4.4.2.v20110823.jar@4,reference:file:javax.activation_1.1.0.v201108011116.jar@4,reference:file:javax.servlet_2.5.0.v201103041518.jar@4,reference:file:javax.servlet.jsp_2.0.0.v201101211617.jar@4,reference:file:javax.xml_1.3.4.v201005080400.jar@4,reference:file:org.apache.ant_1.8.2.v20120109-1030/@4,reference:file:org.apache.commons.codec_1.3.0.v201101211617.jar@4,reference:file:org.apache.commons.el_1.0.0.v201101211617.jar@4,reference:file:org.apache.commons.jxpath_1.3.0.v200911051830.jar@4,reference:file:org.apache.commons.logging_1.0.4.v201101211617.jar@4,reference:file:org.apache.jasper_5.5.17.v201101211617.jar@4,reference:file:org.apache.log4j_1.2.15.v201012070815.jar@4,reference:file:org.apache.lucene_2.9.1.v201101211721.jar@4,reference:file:org.apache.lucene.analysis_2.9.1.v201101211721.jar@4,reference:file:org.apache.lucene.core_2.9.1.v201101211721.jar@4,reference:file:org.apache.lucene.highlighter_2.9.1.v20100421-0704.jar@4,reference:file:org.apache.lucene.memory_2.9.1.v20100421-0704.jar@4,reference:file:org.apache.lucene.misc_2.9.1.v20100421-0704.jar@4,reference:file:org.apache.lucene.queries_2.9.1.v20100421-0704.jar@4,reference:file:org.apache.lucene.snowball_2.9.1.v20100421-0704.jar@4,reference:file:org.apache.lucene.spellchecker_2.9.1.v20100421-0704.jar@4,reference:file:org.apache.xerces_2.9.0.v201101211617.jar@4,reference:file:org.apache.xml.resolver_1.2.0.v201005080400.jar@4,reference:file:org.apache.xml.serializer_2.7.1.v201005080400.jar@4,reference:file:org.eclipse.ant.core_3.2.302.v20120110-1739.jar@4,reference:file:org.eclipse.compare_3.5.202.R37x_v20111109-0800.jar@4,reference:file:org.eclipse.compare.core_3.5.200.I20110208-0800.jar@4,reference:file:org.eclipse.core.commands_3.6.0.I20110111-0800.jar@4,reference:file:org.eclipse.core.contenttype_3.4.100.v20110423-0524.jar@4,reference:file:org.eclipse.core.databinding_1.4.0.I20110111-0800.jar@4,reference:file:org.eclipse.core.databinding.observable_1.4.0.I20110222-0800.jar@4,reference:file:org.eclipse.core.databinding.property_1.4.0.I20110222-0800.jar@4,reference:file:org.eclipse.core.expressions_3.4.300.v20110228.jar@4,reference:file:org.eclipse.core.filebuffers_3.5.200.v20110928-1504.jar@4,reference:file:org.eclipse.core.filesystem_1.3.100.v20110423-0524.jar@4,reference:file:org.eclipse.core.filesystem.win32.x86_64_1.1.300.v20110423-0524.jar@4,reference:file:org.eclipse.core.jobs_3.5.101.v20120113-1953.jar@4,reference:file:org.eclipse.core.net_1.2.100.I20110511-0800.jar@4,reference:file:org.eclipse.core.net.win32.x86_64_1.0.100.I20110331-0827.jar@4,reference:file:org.eclipse.core.resources_3.7.101.v20120125-1505.jar@4,reference:file:org.eclipse.core.runtime_3.7.0.v20110110.jar@4:start,reference:file:org.eclipse.core.runtime.compatibility_3.2.100.v20100505.jar@4,reference:file:org.eclipse.core.runtime.compatibility.auth_3.2.200.v20110110.jar@4,reference:file:org.eclipse.core.runtime.compatibility.registry_3.5.0.v20110505/@4,reference:file:org.eclipse.core.variables_3.2.500.v20110928-1503.jar@4,reference:file:org.eclipse.draw2d_3.7.2.v20111017-2020.jar@4,reference:file:org.eclipse.emf.common_2.7.0.v20120127-1122.jar@4,reference:file:org.eclipse.emf.ecore_2.7.0.v20120127-1122.jar@4,reference:file:org.eclipse.emf.ecore.change_2.7.1.v20120127-1122.jar@4,reference:file:org.eclipse.emf.ecore.edit_2.7.1.v20120130-0943.jar@4,reference:file:org.eclipse.emf.ecore.xmi_2.7.0.v20120127-1122.jar@4,reference:file:org.eclipse.emf.edit_2.7.2.v20120130-0943.jar@4,reference:file:org.eclipse.equinox.app_1.3.100.v20110321.jar@4,reference:file:org.eclipse.equinox.common_3.6.0.v20110523.jar@4,reference:file:org.eclipse.equinox.http.jetty_2.0.100.v20110502.jar@4,reference:file:org.eclipse.equinox.http.registry_1.1.100.v20110502.jar@4,reference:file:org.eclipse.equinox.http.servlet_1.1.200.v20110502.jar@4,reference:file:org.eclipse.equinox.jsp.jasper_1.0.300.v20110502.jar@4,reference:file:org.eclipse.equinox.jsp.jasper.registry_1.0.200.v20100503.jar@4,reference:file:org.eclipse.equinox.launcher_1.2.0.v20110502.jar@4,reference:file:org.eclipse.equinox.launcher.win32.win32.x86_64_1.1.100.v20110502/@4,reference:file:org.eclipse.equinox.p2.core_2.1.1.v20120113-1346.jar@4,reference:file:org.eclipse.equinox.p2.engine_2.1.1.R37x_v20111003.jar@4,reference:file:org.eclipse.equinox.p2.metadata_2.1.0.v20110815-1419.jar@4,reference:file:org.eclipse.equinox.p2.metadata.repository_1.2.0.v20110815-1419.jar@4,reference:file:org.eclipse.equinox.p2.repository_2.1.1.v20120113-1346.jar@4,reference:file:org.eclipse.equinox.preferences_3.4.2.v20120111-2020.jar@4,reference:file:org.eclipse.equinox.registry_3.5.101.R37x_v20110810-1611.jar@4,reference:file:org.eclipse.equinox.security_1.1.1.R37x_v20110822-1018.jar@4,reference:file:org.eclipse.equinox.security.win32.x86_64_1.0.0.v20110502.jar@4,reference:file:org.eclipse.gef_3.7.2.v20111106-2020.jar@4,reference:file:org.eclipse.help_3.5.100.v20110426.jar@4,reference:file:org.eclipse.help.appserver_3.1.400.v20110425.jar@4,reference:file:org.eclipse.help.base_3.6.2.v201202080800.jar@4,reference:file:org.eclipse.help.ui_3.5.101.r37_20110819.jar@4,reference:file:org.eclipse.help.webapp_3.6.1.r37_20110929.jar@4,reference:file:org.eclipse.jem.util_2.1.100.v201103021400.jar@4,reference:file:org.eclipse.jface_3.7.0.v20110928-1505.jar@4,reference:file:org.eclipse.jface.databinding_1.5.0.I20100907-0800.jar@4,reference:file:org.eclipse.jface.text_3.7.2.v20111213-1208.jar@4,reference:file:org.eclipse.ltk.core.refactoring_3.5.201.r372_v20111101-0700.jar@4,reference:file:org.eclipse.ltk.ui.refactoring_3.6.0.v20110928-1453.jar@4,reference:file:org.eclipse.osgi.services_3.3.0.v20110513.jar@4,reference:file:org.eclipse.osgi.util_3.2.200.v20110110.jar@4,reference:file:org.eclipse.platform_3.7.2.v201202080800/@4,reference:file:org.eclipse.search_3.7.0.v20110928-1504.jar@4,reference:file:org.eclipse.swt_3.7.2.v3740f.jar@4,reference:file:org.eclipse.swt.win32.win32.x86_64_3.7.2.v3740f.jar@4,reference:file:org.eclipse.team.core_3.6.0.I20110525-0800.jar@4,reference:file:org.eclipse.team.ui_3.6.101.R37x_v20111109-0800.jar@4,reference:file:org.eclipse.text_3.5.101.v20110928-1504.jar@4,reference:file:org.eclipse.ui_3.7.0.v20110928-1505.jar@4,reference:file:org.eclipse.ui.cheatsheets_3.4.100.v20110425.jar@4,reference:file:org.eclipse.ui.console_3.5.100.v20111007_r372.jar@4,reference:file:org.eclipse.ui.editors_3.7.0.v20110928-1504.jar@4,reference:file:org.eclipse.ui.forms_3.5.101.v20111011-1919.jar@4,reference:file:org.eclipse.ui.ide_3.7.0.v20110928-1505.jar@4,reference:file:org.eclipse.ui.ide.application_1.0.300.I20110306-2000.jar@4,reference:file:org.eclipse.ui.intro_3.4.100.v20110425.jar@4,reference:file:org.eclipse.ui.intro.universal_3.2.500.v20110510/@4,reference:file:org.eclipse.ui.navigator_3.5.101.v20120106-1355.jar@4,reference:file:org.eclipse.ui.navigator.resources_3.4.300.v20110928-1505.jar@4,reference:file:org.eclipse.ui.views_3.6.0.v20110928-1505.jar@4,reference:file:org.eclipse.ui.views.properties.tabbed_3.5.200.v20110928-1505.jar@4,reference:file:org.eclipse.ui.win32_3.2.200.v20110928-1505.jar@4,reference:file:org.eclipse.ui.workbench_3.7.1.v20120104-1859.jar@4,reference:file:org.eclipse.ui.workbench.texteditor_3.7.0.v20110928-1504.jar@4,reference:file:org.eclipse.update.configurator_3.3.100.v20100512.jar@4,reference:file:org.eclipse.update.core_3.2.500.v20110330.jar@4,reference:file:org.eclipse.update.core.win32_3.2.200.v20100512.jar@4,reference:file:org.eclipse.update.ui_3.2.300.v20100512.jar@4,reference:file:org.eclipse.wst.common.core_1.2.0.v200908252030.jar@4,reference:file:org.eclipse.wst.common.emf_1.2.100.v201101101900.jar@4,reference:file:org.eclipse.wst.common.emfworkbench.integration_1.2.101.v201107140600.jar@4,reference:file:org.eclipse.wst.common.environment_1.0.400.v200912181832.jar@4,reference:file:org.eclipse.wst.common.frameworks_1.2.102.v201201190400.jar@4,reference:file:org.eclipse.wst.common.project.facet.core_1.4.201.v201201101553.jar@4,reference:file:org.eclipse.wst.common.uriresolver_1.1.401.v201004280700.jar@4,reference:file:org.eclipse.wst.sse.core_1.1.602.v201112071516.jar@4,reference:file:org.eclipse.wst.validation_1.2.303.v201202090300.jar@4,reference:file:org.eclipse.wst.xml.core_1.1.602.v201201091944.jar@4,reference:file:org.eclipse.wst.xsd.core_1.1.600.v201104070312.jar@4,reference:file:org.eclipse.xsd_2.7.1.v20120130-0943.jar@4,reference:file:org.eclipse.zest.core_1.3.0.v20110221-2050.jar@4,reference:file:org.eclipse.zest.layouts_1.1.0.v20110425-2050.jar@4,reference:file:org.hamcrest.core_1.3.0.v201303031735.jar@4,reference:file:org.jdom_1.1.1.v201101151400.jar@4,reference:file:org.junit_4.8.2.v4_8_2_v20110321-1705/@4,reference:file:org.mortbay.jetty.server_6.1.23.v201012071420.jar@4,reference:file:org.mortbay.jetty.util_6.1.23.v201012071420.jar@4,reference:file:org.neo4j.neoclipse_1.9.5.jar@4,reference:file:org.neo4j.neoclipse.dependencies_1.9.5/@4,reference:file:org.neo4j.neoclipse.doc_1.9.5.jar@4,reference:file:org.slf4j.api_1.6.4.v20120130-2120.jar@4,reference:file:org.slf4j.api_1.7.2.v20121108-1250.jar@4,reference:file:org.slf4j.jcl_1.7.2.v20130115-1340.jar@4
    osgi.tracefile = C:\Users\bob\AppData\Local\Temp\Rar$EXa0.786\neoclipse-1.9.5\neoclipse-workspace\.metadata\trace.log
    sun.cpu.isalist = amd64
    sun.jnu.encoding = Cp1252
    eclipse.application = org.neo4j.neoclipse.application
    file.encoding.pkg = sun.io
    org.osgi.framework.vendor = Eclipse
    file.separator = \
    user.country = US
    org.eclipse.equinox.launcher.splash.location = c:\Users\bob\AppData\Local\Temp\Rar$EXa0.786\neoclipse-1.9.5\configuration\org.eclipse.equinox.launcher\org.neo4j.neoclipse_1.9.5\splash.bmp
    osgi.os = win32
    eclipse.commands = -os
win32
-ws
win32
-arch
x86_64
-showsplash
-launcher
C:\Users\bob\AppData\Local\Temp\Rar$EXa0.786\neoclipse-1.9.5\neoclipse.exe
-name
Neoclipse
--launcher.library
C:\Users\bob\AppData\Local\Temp\Rar$EXa0.786\neoclipse-1.9.5\\plugins/org.eclipse.equinox.launcher.win32.win32.x86_64_1.1.100.v20110502\eclipse_1406.dll
-startup
C:\Users\bob\AppData\Local\Temp\Rar$EXa0.786\neoclipse-1.9.5\\plugins/org.eclipse.equinox.launcher_1.2.0.v20110502.jar
--launcher.overrideVmargs
-data
@noDefault
-vm
C:\Program Files\Java\jre1.8.0_144\bin\server\jvm.dll

    osgi.splashLocation = c:\Users\bob\AppData\Local\Temp\Rar$EXa0.786\neoclipse-1.9.5\configuration\org.eclipse.equinox.launcher\org.neo4j.neoclipse_1.9.5\splash.bmp
    osgi.arch = x86_64
    path.separator = ;
    org.osgi.supports.framework.fragment = true
    user.variant = 
    osgi.framework.shape = jar
    sun.io.unicode.encoding = UnicodeLittle
    org.osgi.framework.version = 1.6.0
    awt.toolkit = sun.awt.windows.WToolkit
    user.script = 
    osgi.install.area = file:/C:/Users/bob/AppData/Local/Temp/Rar$EXa0.786/neoclipse-1.9.5/
    osgi.framework = file:/c:/Users/bob/AppData/Local/Temp/Rar$EXa0.786/neoclipse-1.9.5/plugins/org.eclipse.osgi_3.7.2.v20120110-1415.jar
    user.home = C:\Users\bob
    osgi.bundlestore = C:\Users\bob\AppData\Local\Temp\Rar$EXa0.786\neoclipse-1.9.5\configuration\org.eclipse.osgi\bundles
    osgi.splashPath = platform:/base/plugins/org.neo4j.neoclipse
    osgi.nl = en_US
    org.osgi.framework.os.version = 10.0.0
    eclipse.startTime = 1525966220476
    eclipse.p2.data.area = @config.dir/../p2
    org.eclipse.update.reconcile = false
    eclipse.vm = C:\Program Files\Java\jre1.8.0_144\bin\server\jvm.dll
    sun.cpu.endian = little
    sun.os.patch.level = 
    eclipse.product = org.neo4j.neoclipse.neoclipseProduct
    eclipse.home.location = file:/C:/Users/bob/AppData/Local/Temp/Rar$EXa0.786/neoclipse-1.9.5/
    user.dir = C:\Users\bob\AppData\Local\Temp\Rar$EXa0.786\neoclipse-1.9.5
    org.osgi.supports.framework.requirebundle = true
    file.encoding = Cp1252
    osgi.framework.version = 3.7.2.v20120110-1415
    eclipse.vmargs = -Djava.class.path=C:\Users\bob\AppData\Local\Temp\Rar$EXa0.786\neoclipse-1.9.5\\plugins/org.eclipse.equinox.launcher_1.2.0.v20110502.jar

    org.osgi.framework.executionenvironment = OSGi/Minimum-1.0,OSGi/Minimum-1.1,OSGi/Minimum-1.2,JRE-1.1,J2SE-1.2,J2SE-1.3,J2SE-1.4,J2SE-1.5,JavaSE-1.6,JavaSE-1.7
    osgi.logfile = C:\Users\bob\AppData\Local\Temp\Rar$EXa0.786\neoclipse-1.9.5\neoclipse-workspace\.metadata\.log
    osgi.configuration.area = file:/C:/Users/bob/AppData/Local/Temp/Rar$EXa0.786/neoclipse-1.9.5/configuration/
2018-05-10 15:35:07.794+0000 INFO  [org.neo4j]: Network information:
    Interface Software Loopback Interface 1:
        address: 127.0.0.1
        address: 0:0:0:0:0:0:0:1
    Interface RAS Async Adapter:
    Interface Teredo Tunneling Pseudo-Interface:
        address: 2001:0:9d38:6abd:141d:3e06:969a:f178
        address: fe80:0:0:0:141d:3e06:969a:f178%net0
    Interface Microsoft Kernel Debug Network Adapter:
    Interface WAN Miniport (SSTP):
    Interface VirtualBox Host-Only Ethernet Adapter:
    Interface WAN Miniport (L2TP):
    Interface WAN Miniport (IKEv2):
    Interface Qualcomm Atheros AR956x Wireless Network Adapter:
        address: fe80:0:0:0:4c78:da04:1508:3cff%wlan0
    Interface WAN Miniport (PPTP):
    Interface WAN Miniport (IP):
    Interface WAN Miniport (Network Monitor):
    Interface Microsoft Wi-Fi Direct Virtual Adapter #2:
    Interface Bluetooth Device (Personal Area Network):
    Interface Microsoft Wi-Fi Direct Virtual Adapter:
        address: fe80:0:0:0:4037:d616:6ba0:78e4%wlan2
    Interface WAN Miniport (IPv6):
    Interface Microsoft Wi-Fi Direct Virtual Adapter #3:
    Interface Realtek PCIe GBE Family Controller:
        address: 192.168.1.41
        address: fe80:0:0:0:d5ae:898:d7db:19ce%eth6
    Interface WAN Miniport (PPPOE):
    Interface Realtek PCIe GBE Family Controller-WFP Native MAC Layer LightWeight Filter-0000:
    Interface Realtek PCIe GBE Family Controller-QoS Packet Scheduler-0000:
    Interface Realtek PCIe GBE Family Controller-WFP 802.3 MAC Layer LightWeight Filter-0000:
    Interface Qualcomm Atheros AR956x Wireless Network Adapter-WFP Native MAC Layer LightWeight Filter-0000:
    Interface Qualcomm Atheros AR956x Wireless Network Adapter-Virtual WiFi Filter Driver-0000:
    Interface Qualcomm Atheros AR956x Wireless Network Adapter-Native WiFi Filter Driver-0000:
    Interface Qualcomm Atheros AR956x Wireless Network Adapter-QoS Packet Scheduler-0000:
    Interface Qualcomm Atheros AR956x Wireless Network Adapter-WFP 802.3 MAC Layer LightWeight Filter-0000:
    Interface Microsoft Wi-Fi Direct Virtual Adapter-WFP Native MAC Layer LightWeight Filter-0000:
    Interface Microsoft Wi-Fi Direct Virtual Adapter-Native WiFi Filter Driver-0000:
    Interface Microsoft Wi-Fi Direct Virtual Adapter-QoS Packet Scheduler-0000:
    Interface Microsoft Wi-Fi Direct Virtual Adapter-WFP 802.3 MAC Layer LightWeight Filter-0000:
    Interface WAN Miniport (IP)-WFP Native MAC Layer LightWeight Filter-0000:
    Interface WAN Miniport (IP)-QoS Packet Scheduler-0000:
    Interface WAN Miniport (IPv6)-WFP Native MAC Layer LightWeight Filter-0000:
    Interface WAN Miniport (IPv6)-QoS Packet Scheduler-0000:
    Interface WAN Miniport (Network Monitor)-WFP Native MAC Layer LightWeight Filter-0000:
    Interface WAN Miniport (Network Monitor)-QoS Packet Scheduler-0000:
2018-05-10 15:35:07.863+0000 INFO  [org.neo4j]: --- INITIALIZED diagnostics END ---
2018-05-10 15:35:07.878+0000 INFO  [org.neo4j]: C:\soft\neo4j-community-3.3.2\data\databases\graph.db\neostore.relationshiptypestore.db.names non clean shutdown detected
2018-05-10 15:35:07.878+0000 INFO  [org.neo4j]: [C:\soft\neo4j-community-3.3.2\data\databases\graph.db\neostore.relationshiptypestore.db.names] brickCount=0 brickSize=0b mappedMem=0b (storeSize=8192b)
2018-05-10 15:35:07.878+0000 INFO  [org.neo4j]: C:\soft\neo4j-community-3.3.2\data\databases\graph.db\neostore.relationshiptypestore.db non clean shutdown detected
2018-05-10 15:35:07.894+0000 INFO  [org.neo4j]: [C:\soft\neo4j-community-3.3.2\data\databases\graph.db\neostore.relationshiptypestore.db] brickCount=0 brickSize=0b mappedMem=0b (storeSize=8190b)
2018-05-10 15:35:07.894+0000 INFO  [org.neo4j]: C:\soft\neo4j-community-3.3.2\data\databases\graph.db\neostore.propertystore.db.strings non clean shutdown detected
2018-05-10 15:35:07.894+0000 INFO  [org.neo4j]: [C:\soft\neo4j-community-3.3.2\data\databases\graph.db\neostore.propertystore.db.strings] brickCount=78 brickSize=48128b mappedMem=48234496b (storeSize=3768320b)
2018-05-10 15:35:07.894+0000 INFO  [org.neo4j]: C:\soft\neo4j-community-3.3.2\data\databases\graph.db\neostore.propertystore.db.index.keys non clean shutdown detected
2018-05-10 15:35:07.894+0000 INFO  [org.neo4j]: [C:\soft\neo4j-community-3.3.2\data\databases\graph.db\neostore.propertystore.db.index.keys] brickCount=0 brickSize=0b mappedMem=0b (storeSize=8192b)
2018-05-10 15:35:07.894+0000 INFO  [org.neo4j]: C:\soft\neo4j-community-3.3.2\data\databases\graph.db\neostore.propertystore.db.index non clean shutdown detected
2018-05-10 15:35:07.915+0000 INFO  [org.neo4j]: [C:\soft\neo4j-community-3.3.2\data\databases\graph.db\neostore.propertystore.db.index] brickCount=0 brickSize=0b mappedMem=0b (storeSize=8190b)
2018-05-10 15:35:07.916+0000 INFO  [org.neo4j]: C:\soft\neo4j-community-3.3.2\data\databases\graph.db\neostore.propertystore.db.arrays non clean shutdown detected
2018-05-10 15:35:07.916+0000 INFO  [org.neo4j]: [C:\soft\neo4j-community-3.3.2\data\databases\graph.db\neostore.propertystore.db.arrays] brickCount=0 brickSize=55552b mappedMem=55574528b (storeSize=8192b)
2018-05-10 15:35:07.916+0000 INFO  [org.neo4j]: C:\soft\neo4j-community-3.3.2\data\databases\graph.db\neostore.propertystore.db non clean shutdown detected
2018-05-10 15:35:07.916+0000 INFO  [org.neo4j]: [C:\soft\neo4j-community-3.3.2\data\databases\graph.db\neostore.propertystore.db] brickCount=88 brickSize=56621b mappedMem=56623104b (storeSize=5001467b)
2018-05-10 15:35:07.916+0000 INFO  [org.neo4j]: C:\soft\neo4j-community-3.3.2\data\databases\graph.db\neostore.relationshipstore.db non clean shutdown detected
2018-05-10 15:35:07.932+0000 INFO  [org.neo4j]: [C:\soft\neo4j-community-3.3.2\data\databases\graph.db\neostore.relationshipstore.db] brickCount=5 brickSize=69201b mappedMem=69206016b (storeSize=399840b)
2018-05-10 15:35:07.932+0000 INFO  [org.neo4j]: C:\soft\neo4j-community-3.3.2\data\databases\graph.db\neostore.nodestore.db non clean shutdown detected
2018-05-10 15:35:07.932+0000 INFO  [org.neo4j]: [C:\soft\neo4j-community-3.3.2\data\databases\graph.db\neostore.nodestore.db] brickCount=41 brickSize=15723b mappedMem=15728640b (storeSize=655200b)
2018-05-10 15:35:07.932+0000 INFO  [org.neo4j]: --- STOPPING diagnostics START ---
2018-05-10 15:35:07.932+0000 INFO  [org.neo4j]: --- STOPPING diagnostics END ---
2018-05-10 15:35:07.932+0000 INFO  [org.neo4j]: Startup failed: Component 'org.neo4j.kernel.impl.transaction.XaDataSourceManager@1e13f4ec' was successfully initialized, but failed to start. Please see attached cause exception.: Component 'org.neo4j.kernel.impl.nioneo.xa.NeoStoreXaDataSource@6320e10' was successfully initialized, but failed to start. Please see attached cause exception.: Mismatching store version found (v0.A.8 while expecting v0.A.0) and the store is not cleanly shutdown. Recover the database with the previous database version and then attempt to upgrade
2018-05-10 15:35:07.932+0000 INFO  [org.neo4j]: Shutdown started
